;  LST file generated by mikroListExporter - v.2.0 
; Date/Time: 8/24/2021 8:26:51 PM
;----------------------------------------------

;Address Opcode 	ASM
0x0000	0x2C48      	GOTO       1096
_interrupt:
0x0004	0x018A      	CLRF       PCLATH
0x0005	0x0183      	CLRF       STATUS
;WLS.c,103 :: 		void interrupt(void)
;WLS.c,107 :: 		if (INTCON.TMR0IF)
0x0006	0x1D0B      	BTFSS      INTCON, 2
0x0007	0x2871      	GOTO       L_interrupt0
;WLS.c,111 :: 		if (beepcnt)
0x0008	0x0021      	MOVLB      1
0x0009	0x0860      	MOVF       WLS_beepcnt, 0
0x000A	0x0461      	IORWF       WLS_beepcnt+1, 0
0x000B	0x1903      	BTFSC      STATUS, 2
0x000C	0x2820      	GOTO       L_interrupt1
;WLS.c,113 :: 		beepcnt--;
0x000D	0x3001      	MOVLW      1
0x000E	0x02E0      	SUBWF      WLS_beepcnt, 1
0x000F	0x3000      	MOVLW      0
0x0010	0x3BE1      	SUBWFB     WLS_beepcnt+1, 1
;WLS.c,115 :: 		if (!beepcnt)
0x0011	0x0860      	MOVF       WLS_beepcnt, 0
0x0012	0x0461      	IORWF       WLS_beepcnt+1, 0
0x0013	0x1D03      	BTFSS      STATUS, 2
0x0014	0x281F      	GOTO       L_interrupt2
;WLS.c,117 :: 		BEEP = !BEEP;
0x0015	0x3004      	MOVLW      4
0x0016	0x0022      	MOVLB      2
0x0017	0x068C      	XORWF      LATA, 1
;WLS.c,118 :: 		beepcnt = beepdivider ;
0x0018	0x0820      	MOVF       WLS_beepdivider, 0
0x0019	0x0021      	MOVLB      1
0x001A	0x00E0      	MOVWF      WLS_beepcnt
0x001B	0x0022      	MOVLB      2
0x001C	0x0821      	MOVF       WLS_beepdivider+1, 0
0x001D	0x0021      	MOVLB      1
0x001E	0x00E1      	MOVWF      WLS_beepcnt+1
;WLS.c,119 :: 		}
L_interrupt2:
;WLS.c,121 :: 		}
0x001F	0x2828      	GOTO       L_interrupt3
L_interrupt1:
;WLS.c,124 :: 		beepcnt = beepdivider;
0x0020	0x0022      	MOVLB      2
0x0021	0x0820      	MOVF       WLS_beepdivider, 0
0x0022	0x0021      	MOVLB      1
0x0023	0x00E0      	MOVWF      WLS_beepcnt
0x0024	0x0022      	MOVLB      2
0x0025	0x0821      	MOVF       WLS_beepdivider+1, 0
0x0026	0x0021      	MOVLB      1
0x0027	0x00E1      	MOVWF      WLS_beepcnt+1
;WLS.c,125 :: 		}
L_interrupt3:
;WLS.c,129 :: 		if (pulse_time)
0x0028	0x0022      	MOVLB      2
0x0029	0x0824      	MOVF       WLS_pulse_time, 0
0x002A	0x0425      	IORWF       WLS_pulse_time+1, 0
0x002B	0x1903      	BTFSC      STATUS, 2
0x002C	0x283B      	GOTO       L_interrupt4
;WLS.c,131 :: 		pulse_time--;
0x002D	0x3001      	MOVLW      1
0x002E	0x02A4      	SUBWF      WLS_pulse_time, 1
0x002F	0x3000      	MOVLW      0
0x0030	0x3BA5      	SUBWFB     WLS_pulse_time+1, 1
;WLS.c,132 :: 		if (!pulse_time)
0x0031	0x0824      	MOVF       WLS_pulse_time, 0
0x0032	0x0425      	IORWF       WLS_pulse_time+1, 0
0x0033	0x1D03      	BTFSS      STATUS, 2
0x0034	0x283B      	GOTO       L_interrupt5
;WLS.c,135 :: 		pulse_time = PULSE_TIME_DIVIDER;
0x0035	0x3004      	MOVLW      4
0x0036	0x00A4      	MOVWF      WLS_pulse_time
0x0037	0x3000      	MOVLW      0
0x0038	0x00A5      	MOVWF      WLS_pulse_time+1
;WLS.c,136 :: 		pulse_flag = TRUE;
0x0039	0x3001      	MOVLW      1
0x003A	0x00B4      	MOVWF      WLS_pulse_flag
;WLS.c,137 :: 		}
L_interrupt5:
;WLS.c,138 :: 		}
L_interrupt4:
;WLS.c,141 :: 		if (lv_time)
0x003B	0x0832      	MOVF       WLS_lv_time, 0
0x003C	0x0433      	IORWF       WLS_lv_time+1, 0
0x003D	0x1903      	BTFSC      STATUS, 2
0x003E	0x284D      	GOTO       L_interrupt6
;WLS.c,143 :: 		lv_time--;
0x003F	0x3001      	MOVLW      1
0x0040	0x02B2      	SUBWF      WLS_lv_time, 1
0x0041	0x3000      	MOVLW      0
0x0042	0x3BB3      	SUBWFB     WLS_lv_time+1, 1
;WLS.c,144 :: 		if (!lv_time)
0x0043	0x0832      	MOVF       WLS_lv_time, 0
0x0044	0x0433      	IORWF       WLS_lv_time+1, 0
0x0045	0x1D03      	BTFSS      STATUS, 2
0x0046	0x284D      	GOTO       L_interrupt7
;WLS.c,147 :: 		lv_time = LV_TIME_DIVIDER;
0x0047	0x3050      	MOVLW      80
0x0048	0x00B2      	MOVWF      WLS_lv_time
0x0049	0x30C3      	MOVLW      195
0x004A	0x00B3      	MOVWF      WLS_lv_time+1
;WLS.c,148 :: 		lv_flag = TRUE;
0x004B	0x3001      	MOVLW      1
0x004C	0x00B1      	MOVWF      WLS_lv_flag
;WLS.c,149 :: 		}
L_interrupt7:
;WLS.c,150 :: 		}
L_interrupt6:
;WLS.c,153 :: 		if (sensitivity_time)
0x004D	0x0826      	MOVF       WLS_sensitivity_time, 0
0x004E	0x0427      	IORWF       WLS_sensitivity_time+1, 0
0x004F	0x1903      	BTFSC      STATUS, 2
0x0050	0x285F      	GOTO       L_interrupt8
;WLS.c,155 :: 		sensitivity_time--;
0x0051	0x3001      	MOVLW      1
0x0052	0x02A6      	SUBWF      WLS_sensitivity_time, 1
0x0053	0x3000      	MOVLW      0
0x0054	0x3BA7      	SUBWFB     WLS_sensitivity_time+1, 1
;WLS.c,156 :: 		if (!sensitivity_time)
0x0055	0x0826      	MOVF       WLS_sensitivity_time, 0
0x0056	0x0427      	IORWF       WLS_sensitivity_time+1, 0
0x0057	0x1D03      	BTFSS      STATUS, 2
0x0058	0x285F      	GOTO       L_interrupt9
;WLS.c,159 :: 		sensitivity_time = SENSITIVITY_TIME_DIVIDER;
0x0059	0x30D0      	MOVLW      208
0x005A	0x00A6      	MOVWF      WLS_sensitivity_time
0x005B	0x3007      	MOVLW      7
0x005C	0x00A7      	MOVWF      WLS_sensitivity_time+1
;WLS.c,160 :: 		sensitivity_flag = TRUE;
0x005D	0x3001      	MOVLW      1
0x005E	0x00B0      	MOVWF      WLS_sensitivity_flag
;WLS.c,161 :: 		}
L_interrupt9:
;WLS.c,162 :: 		}
L_interrupt8:
;WLS.c,165 :: 		if (startup_delay)
0x005F	0x0021      	MOVLB      1
0x0060	0x086B      	MOVF       WLS_startup_delay, 0
0x0061	0x046C      	IORWF       WLS_startup_delay+1, 0
0x0062	0x1903      	BTFSC      STATUS, 2
0x0063	0x2868      	GOTO       L_interrupt10
;WLS.c,167 :: 		startup_delay--;
0x0064	0x3001      	MOVLW      1
0x0065	0x02EB      	SUBWF      WLS_startup_delay, 1
0x0066	0x3000      	MOVLW      0
0x0067	0x3BEC      	SUBWFB     WLS_startup_delay+1, 1
;WLS.c,168 :: 		}
L_interrupt10:
;WLS.c,171 :: 		if (coil_timeout)
0x0068	0x0866      	MOVF       WLS_coil_timeout, 0
0x0069	0x0467      	IORWF       WLS_coil_timeout+1, 0
0x006A	0x1903      	BTFSC      STATUS, 2
0x006B	0x2870      	GOTO       L_interrupt11
;WLS.c,173 :: 		coil_timeout--;
0x006C	0x3001      	MOVLW      1
0x006D	0x02E6      	SUBWF      WLS_coil_timeout, 1
0x006E	0x3000      	MOVLW      0
0x006F	0x3BE7      	SUBWFB     WLS_coil_timeout+1, 1
;WLS.c,174 :: 		}
L_interrupt11:
;WLS.c,178 :: 		INTCON.TMR0IF = 0;
0x0070	0x110B      	BCF        INTCON, 2
;WLS.c,180 :: 		}
L_interrupt0:
;WLS.c,181 :: 		}
L_end_interrupt:
L__interrupt83:
0x0071	0x0009      	RETFIE     %s
; end of _interrupt
_Delay_22us:
;__Lib_Delays.c,15 :: 		void Delay_22us() {
;__Lib_Delays.c,16 :: 		Delay_us(22);
0x0072	0x303A      	MOVLW      58
0x0073	0x00FD      	MOVWF      R13
L_Delay_22us2:
0x0074	0x0BFD      	DECFSZ     R13, 1
0x0075	0x2874      	GOTO       L_Delay_22us2
0x0076	0x0000      	NOP
;__Lib_Delays.c,17 :: 		}
L_end_Delay_22us:
0x0077	0x0008      	RETURN
; end of _Delay_22us
_Mul_16x16_U:
;__Lib_Math.c,136 :: 		
;__Lib_Math.c,143 :: 		
0x0078	0x0020      	MOVLB      0
;__Lib_Math.c,144 :: 		
0x0079	0x01FB      	CLRF       R11
;__Lib_Math.c,145 :: 		
0x007A	0x01FA      	CLRF       R10
;__Lib_Math.c,146 :: 		
0x007B	0x01F9      	CLRF       R9
;__Lib_Math.c,147 :: 		
0x007C	0x3080      	MOVLW      128
;__Lib_Math.c,148 :: 		
0x007D	0x00F8      	MOVWF      R8
;__Lib_Math.c,149 :: 		
0x007E	0x0CF1      	RRF        R1, 1
;__Lib_Math.c,150 :: 		
0x007F	0x0CF0      	RRF        R0, 1
;__Lib_Math.c,151 :: 		
0x0080	0x1C03      	BTFSS      STATUS, 0
;__Lib_Math.c,152 :: 		
0x0081	0x288B      	GOTO       $+10
;__Lib_Math.c,153 :: 		
0x0082	0x0874      	MOVF       R4, 0
;__Lib_Math.c,154 :: 		
0x0083	0x07F9      	ADDWF      R9, 1
;__Lib_Math.c,155 :: 		
0x0084	0x0875      	MOVF       R5, 0
;__Lib_Math.c,156 :: 		
0x0085	0x1803      	BTFSC      STATUS, 0
;__Lib_Math.c,157 :: 		
0x0086	0x0F75      	INCFSZ     R5, 0
;__Lib_Math.c,158 :: 		
0x0087	0x07FA      	ADDWF      R10, 1
;__Lib_Math.c,159 :: 		
0x0088	0x1803      	BTFSC      STATUS, 0
;__Lib_Math.c,160 :: 		
0x0089	0x0AFB      	INCF       R11, 1
;__Lib_Math.c,161 :: 		
0x008A	0x1003      	BCF        STATUS, 0
;__Lib_Math.c,162 :: 		
0x008B	0x1FF0      	BTFSS      R0, 7
;__Lib_Math.c,163 :: 		
0x008C	0x2893      	GOTO       $+7
;__Lib_Math.c,164 :: 		
0x008D	0x0874      	MOVF       R4, 0
;__Lib_Math.c,165 :: 		
0x008E	0x07FA      	ADDWF      R10, 1
;__Lib_Math.c,166 :: 		
0x008F	0x0875      	MOVF       R5, 0
;__Lib_Math.c,167 :: 		
0x0090	0x1803      	BTFSC      STATUS, 0
;__Lib_Math.c,168 :: 		
0x0091	0x0F75      	INCFSZ     R5, 0
;__Lib_Math.c,169 :: 		
0x0092	0x07FB      	ADDWF      R11, 1
;__Lib_Math.c,170 :: 		
0x0093	0x0CFB      	RRF        R11, 1
;__Lib_Math.c,171 :: 		
0x0094	0x0CFA      	RRF        R10, 1
;__Lib_Math.c,172 :: 		
0x0095	0x0CF9      	RRF        R9, 1
;__Lib_Math.c,173 :: 		
0x0096	0x0CF8      	RRF        R8, 1
;__Lib_Math.c,174 :: 		
0x0097	0x1C03      	BTFSS      STATUS, 0
;__Lib_Math.c,175 :: 		
0x0098	0x287E      	GOTO       $-26
;__Lib_Math.c,176 :: 		
0x0099	0x087B      	MOVF       R11, 0
;__Lib_Math.c,177 :: 		
0x009A	0x00F3      	MOVWF      R3
;__Lib_Math.c,178 :: 		
0x009B	0x087A      	MOVF       R10, 0
;__Lib_Math.c,179 :: 		
0x009C	0x00F2      	MOVWF      R2
;__Lib_Math.c,180 :: 		
0x009D	0x0879      	MOVF       R9, 0
;__Lib_Math.c,181 :: 		
0x009E	0x00F1      	MOVWF      R1
;__Lib_Math.c,182 :: 		
0x009F	0x0878      	MOVF       R8, 0
;__Lib_Math.c,183 :: 		
0x00A0	0x00F0      	MOVWF      R0
;__Lib_Math.c,186 :: 		
L_end_Mul_16x16_U:
0x00A1	0x0008      	RETURN
; end of _Mul_16x16_U
_sound:
;WLS.c,191 :: 		void sound (unsigned int period, unsigned long duration)
;WLS.c,195 :: 		time_played = 0;
0x00A2	0x01F1      	CLRF       R1
0x00A3	0x01F2      	CLRF       R1+1
0x00A4	0x01F3      	CLRF       R1+2
0x00A5	0x01F4      	CLRF       R1+3
;WLS.c,197 :: 		period >>=1 ;
0x00A6	0x0022      	MOVLB      2
0x00A7	0x36C7      	LSRF       FARG_sound_period+1, 1
0x00A8	0x0CC6      	RRF        FARG_sound_period, 1
;WLS.c,198 :: 		while (time_played < duration)
L_sound12:
0x00A9	0x084B      	MOVF       FARG_sound_duration+3, 0
0x00AA	0x0274      	SUBWF      R1+3, 0
0x00AB	0x1D03      	BTFSS      STATUS, 2
0x00AC	0x28B7      	GOTO       L__sound85
0x00AD	0x084A      	MOVF       FARG_sound_duration+2, 0
0x00AE	0x0273      	SUBWF      R1+2, 0
0x00AF	0x1D03      	BTFSS      STATUS, 2
0x00B0	0x28B7      	GOTO       L__sound85
0x00B1	0x0849      	MOVF       FARG_sound_duration+1, 0
0x00B2	0x0272      	SUBWF      R1+1, 0
0x00B3	0x1D03      	BTFSS      STATUS, 2
0x00B4	0x28B7      	GOTO       L__sound85
0x00B5	0x0848      	MOVF       FARG_sound_duration, 0
0x00B6	0x0271      	SUBWF      R1, 0
L__sound85:
0x00B7	0x1803      	BTFSC      STATUS, 0
0x00B8	0x28DA      	GOTO       L_sound13
;WLS.c,200 :: 		for (i = 0; i < period ; i++)
0x00B9	0x01F5      	CLRF       R5
0x00BA	0x01F6      	CLRF       R5+1
L_sound14:
0x00BB	0x0847      	MOVF       FARG_sound_period+1, 0
0x00BC	0x0276      	SUBWF      R5+1, 0
0x00BD	0x1D03      	BTFSS      STATUS, 2
0x00BE	0x28C1      	GOTO       L__sound86
0x00BF	0x0846      	MOVF       FARG_sound_period, 0
0x00C0	0x0275      	SUBWF      R5, 0
L__sound86:
0x00C1	0x1803      	BTFSC      STATUS, 0
0x00C2	0x28D0      	GOTO       L_sound15
;WLS.c,202 :: 		Delay_us(100);
0x00C3	0x3002      	MOVLW      2
0x00C4	0x00FC      	MOVWF      R12
0x00C5	0x3008      	MOVLW      8
0x00C6	0x00FD      	MOVWF      R13
L_sound17:
0x00C7	0x0BFD      	DECFSZ     R13, 1
0x00C8	0x28C7      	GOTO       L_sound17
0x00C9	0x0BFC      	DECFSZ     R12, 1
0x00CA	0x28C7      	GOTO       L_sound17
0x00CB	0x0000      	NOP
;WLS.c,200 :: 		for (i = 0; i < period ; i++)
0x00CC	0x0AF5      	INCF       R5, 1
0x00CD	0x1903      	BTFSC      STATUS, 2
0x00CE	0x0AF6      	INCF       R5+1, 1
;WLS.c,203 :: 		}
0x00CF	0x28BB      	GOTO       L_sound14
L_sound15:
;WLS.c,204 :: 		time_played += period;
0x00D0	0x0846      	MOVF       FARG_sound_period, 0
0x00D1	0x07F1      	ADDWF      R1, 1
0x00D2	0x0847      	MOVF       FARG_sound_period+1, 0
0x00D3	0x3DF2      	ADDWFC     R1+1, 1
0x00D4	0x3000      	MOVLW      0
0x00D5	0x3DF3      	ADDWFC     R1+2, 1
0x00D6	0x3DF4      	ADDWFC     R1+3, 1
;WLS.c,206 :: 		BEEP = !BEEP;
0x00D7	0x3004      	MOVLW      4
0x00D8	0x068C      	XORWF      LATA, 1
;WLS.c,207 :: 		}
0x00D9	0x28A9      	GOTO       L_sound12
L_sound13:
;WLS.c,208 :: 		}
L_end_sound:
0x00DA	0x0008      	RETURN
; end of _sound
_ADC_Get_Sample:
;__Lib_ADC.c,27 :: 		
;__Lib_ADC.c,28 :: 		
0x00DB	0x3083      	MOVLW      131
0x00DC	0x0021      	MOVLB      1
0x00DD	0x059D      	ANDWF      ADCON0, 1
;__Lib_ADC.c,29 :: 		
0x00DE	0x0022      	MOVLB      2
0x00DF	0x0846      	MOVF       FARG_ADC_Get_Sample_channel, 0
0x00E0	0x00F0      	MOVWF      R0
0x00E1	0x35F0      	LSLF       R0, 1
0x00E2	0x35F0      	LSLF       R0, 1
0x00E3	0x0870      	MOVF       R0, 0
0x00E4	0x0021      	MOVLB      1
0x00E5	0x049D      	IORWF       ADCON0, 1
;__Lib_ADC.c,32 :: 		
0x00E6	0x2072      	CALL       _Delay_22us
;__Lib_ADC.c,35 :: 		
0x00E7	0x149D      	BSF        GO_NOT_DONE_bit, 1
;__Lib_ADC.c,38 :: 		
L_ADC_Get_Sample0:
0x00E8	0x1C9D      	BTFSS      GO_NOT_DONE_bit, 1
0x00E9	0x28EB      	GOTO       L_ADC_Get_Sample1
;__Lib_ADC.c,39 :: 		
0x00EA	0x28E8      	GOTO       L_ADC_Get_Sample0
L_ADC_Get_Sample1:
;__Lib_ADC.c,41 :: 		
0x00EB	0x081C      	MOVF       ADRESH, 0
0x00EC	0x00F1      	MOVWF      R1
0x00ED	0x01F0      	CLRF       R0
0x00EE	0x081B      	MOVF       ADRESL, 0
0x00EF	0x04F0      	IORWF       R0, 1
0x00F0	0x3000      	MOVLW      0
0x00F1	0x04F1      	IORWF       R1, 1
;__Lib_ADC.c,42 :: 		
L_end_ADC_Get_Sample:
0x00F2	0x0008      	RETURN
; end of _ADC_Get_Sample
_ADC_Init:
;__Lib_ADC.c,19 :: 		
;__Lib_ADC.c,20 :: 		
0x00F3	0x30DB      	MOVLW      _ADC_Get_Sample
0x00F4	0x0022      	MOVLB      2
0x00F5	0x00A8      	MOVWF      _ADC_Get_Sample_Ptr
0x00F6	0x3000      	MOVLW      hi_addr(_ADC_Get_Sample)
0x00F7	0x00A9      	MOVWF      _ADC_Get_Sample_Ptr+1
0x00F8	0x3046      	MOVLW      FARG_ADC_Get_Sample_channel
0x00F9	0x00AA      	MOVWF      _ADC_Get_Sample_Ptr+2
0x00FA	0x3001      	MOVLW      hi_addr(FARG_ADC_Get_Sample_channel)
0x00FB	0x00AB      	MOVWF      _ADC_Get_Sample_Ptr+3
;__Lib_ADC.c,21 :: 		
0x00FC	0x30F0      	MOVLW      240
0x00FD	0x0021      	MOVLB      1
0x00FE	0x009E      	MOVWF      ADCON1
;__Lib_ADC.c,22 :: 		
0x00FF	0x019D      	CLRF       ADCON0
;__Lib_ADC.c,23 :: 		
0x0100	0x141D      	BSF        ADON_bit, 0
;__Lib_ADC.c,24 :: 		
L_end_ADC_Init:
0x0101	0x0008      	RETURN
; end of _ADC_Init
_absvalue:
;WLS.c,235 :: 		unsigned long absvalue(unsigned long a, unsigned long b)
;WLS.c,237 :: 		if (a > b)
0x0102	0x0022      	MOVLB      2
0x0103	0x0841      	MOVF       FARG_absvalue_a+3, 0
0x0104	0x0245      	SUBWF      FARG_absvalue_b+3, 0
0x0105	0x1D03      	BTFSS      STATUS, 2
0x0106	0x2911      	GOTO       L__absvalue90
0x0107	0x0840      	MOVF       FARG_absvalue_a+2, 0
0x0108	0x0244      	SUBWF      FARG_absvalue_b+2, 0
0x0109	0x1D03      	BTFSS      STATUS, 2
0x010A	0x2911      	GOTO       L__absvalue90
0x010B	0x083F      	MOVF       FARG_absvalue_a+1, 0
0x010C	0x0243      	SUBWF      FARG_absvalue_b+1, 0
0x010D	0x1D03      	BTFSS      STATUS, 2
0x010E	0x2911      	GOTO       L__absvalue90
0x010F	0x083E      	MOVF       FARG_absvalue_a, 0
0x0110	0x0242      	SUBWF      FARG_absvalue_b, 0
L__absvalue90:
0x0111	0x1803      	BTFSC      STATUS, 0
0x0112	0x2924      	GOTO       L_absvalue20
;WLS.c,239 :: 		return (a-b);
0x0113	0x083E      	MOVF       FARG_absvalue_a, 0
0x0114	0x00F0      	MOVWF      R0
0x0115	0x083F      	MOVF       FARG_absvalue_a+1, 0
0x0116	0x00F1      	MOVWF      R1
0x0117	0x0840      	MOVF       FARG_absvalue_a+2, 0
0x0118	0x00F2      	MOVWF      R2
0x0119	0x0841      	MOVF       FARG_absvalue_a+3, 0
0x011A	0x00F3      	MOVWF      R3
0x011B	0x0842      	MOVF       FARG_absvalue_b, 0
0x011C	0x02F0      	SUBWF      R0, 1
0x011D	0x0843      	MOVF       FARG_absvalue_b+1, 0
0x011E	0x3BF1      	SUBWFB     R1, 1
0x011F	0x0844      	MOVF       FARG_absvalue_b+2, 0
0x0120	0x3BF2      	SUBWFB     R2, 1
0x0121	0x0845      	MOVF       FARG_absvalue_b+3, 0
0x0122	0x3BF3      	SUBWFB     R3, 1
0x0123	0x2934      	GOTO       L_end_absvalue
;WLS.c,240 :: 		}
L_absvalue20:
;WLS.c,243 :: 		return (b-a);
0x0124	0x0842      	MOVF       FARG_absvalue_b, 0
0x0125	0x00F0      	MOVWF      R0
0x0126	0x0843      	MOVF       FARG_absvalue_b+1, 0
0x0127	0x00F1      	MOVWF      R1
0x0128	0x0844      	MOVF       FARG_absvalue_b+2, 0
0x0129	0x00F2      	MOVWF      R2
0x012A	0x0845      	MOVF       FARG_absvalue_b+3, 0
0x012B	0x00F3      	MOVWF      R3
0x012C	0x083E      	MOVF       FARG_absvalue_a, 0
0x012D	0x02F0      	SUBWF      R0, 1
0x012E	0x083F      	MOVF       FARG_absvalue_a+1, 0
0x012F	0x3BF1      	SUBWFB     R1, 1
0x0130	0x0840      	MOVF       FARG_absvalue_a+2, 0
0x0131	0x3BF2      	SUBWFB     R2, 1
0x0132	0x0841      	MOVF       FARG_absvalue_a+3, 0
0x0133	0x3BF3      	SUBWFB     R3, 1
;WLS.c,246 :: 		}
L_end_absvalue:
0x0134	0x0008      	RETURN
; end of _absvalue
_ADC_Read:
;__Lib_ADC.c,44 :: 		
;__Lib_ADC.c,46 :: 		
0x0135	0x20F3      	CALL       _ADC_Init
;__Lib_ADC.c,47 :: 		
0x0136	0x0022      	MOVLB      2
0x0137	0x083E      	MOVF       FARG_ADC_Read_channel, 0
0x0138	0x00C6      	MOVWF      FARG_ADC_Get_Sample_channel
0x0139	0x20DB      	CALL       _ADC_Get_Sample
;__Lib_ADC.c,48 :: 		
0x013A	0x101D      	BCF        ADON_bit, 0
;__Lib_ADC.c,49 :: 		
;__Lib_ADC.c,50 :: 		
L_end_ADC_Read:
0x013B	0x0008      	RETURN
; end of _ADC_Read
_EEPROM_Write:
;__Lib_EEPROM.c,9 :: 		
;__Lib_EEPROM.c,12 :: 		
0x013C	0x0022      	MOVLB      2
0x013D	0x083E      	MOVF       FARG_EEPROM_Write_Address, 0
0x013E	0x0023      	MOVLB      3
0x013F	0x0091      	MOVWF      EEADR
0x0140	0x0192      	CLRF       EEADR+1
;__Lib_EEPROM.c,13 :: 		
0x0141	0x0022      	MOVLB      2
0x0142	0x083F      	MOVF       FARG_EEPROM_Write_data_, 0
0x0143	0x0023      	MOVLB      3
0x0144	0x0093      	MOVWF      EEDATL
;__Lib_EEPROM.c,14 :: 		
0x0145	0x1315      	BCF        CFGS_bit, 6
;__Lib_EEPROM.c,15 :: 		
0x0146	0x1395      	BCF        EEPGD_bit, 7
;__Lib_EEPROM.c,16 :: 		
0x0147	0x1515      	BSF        WREN_bit, 2
;__Lib_EEPROM.c,18 :: 		
0x0148	0x080B      	MOVF       INTCON, 0
0x0149	0x00F0      	MOVWF      R0
;__Lib_EEPROM.c,19 :: 		
0x014A	0x138B      	BCF        GIE_bit, 7
;__Lib_EEPROM.c,20 :: 		
0x014B	0x3055      	MOVLW      85
0x014C	0x0096      	MOVWF      EECON2
;__Lib_EEPROM.c,21 :: 		
0x014D	0x30AA      	MOVLW      170
0x014E	0x0096      	MOVWF      EECON2
;__Lib_EEPROM.c,22 :: 		
0x014F	0x1495      	BSF        WR_bit, 1
;__Lib_EEPROM.c,23 :: 		
0x0150	0x1BF0      	BTFSC      R0, 7
0x0151	0x2954      	GOTO       L__EEPROM_Write4
0x0152	0x138B      	BCF        INTCON, 7
0x0153	0x2955      	GOTO       L__EEPROM_Write5
L__EEPROM_Write4:
0x0154	0x178B      	BSF        INTCON, 7
L__EEPROM_Write5:
;__Lib_EEPROM.c,24 :: 		
0x0155	0x1115      	BCF        WREN_bit, 2
;__Lib_EEPROM.c,25 :: 		
L_EEPROM_Write0:
0x0156	0x1C95      	BTFSS      WR_bit, 1
0x0157	0x2959      	GOTO       L_EEPROM_Write1
;__Lib_EEPROM.c,26 :: 		
0x0158	0x2956      	GOTO       L_EEPROM_Write0
L_EEPROM_Write1:
;__Lib_EEPROM.c,28 :: 		
L_end_EEPROM_Write:
0x0159	0x0008      	RETURN
; end of _EEPROM_Write
_PWM2_Set_Duty:
;__Lib_PWM_c53a2c1.c,40 :: 		
;__Lib_PWM_c53a2c1.c,44 :: 		
0x015A	0x0020      	MOVLB      0
0x015B	0x081B      	MOVF       PR2, 0
0x015C	0x3E01      	ADDLW      1
0x015D	0x00F0      	MOVWF      R0
0x015E	0x01F1      	CLRF       R1
0x015F	0x3000      	MOVLW      0
0x0160	0x3DF1      	ADDWFC     R1, 1
0x0161	0x0022      	MOVLB      2
0x0162	0x083E      	MOVF       FARG_PWM2_Set_Duty_new_duty, 0
0x0163	0x00F4      	MOVWF      R4
0x0164	0x01F5      	CLRF       R5
0x0165	0x2078      	CALL       _Mul_16x16_U
0x0166	0x3006      	MOVLW      6
0x0167	0x00F2      	MOVWF      R2
0x0168	0x0870      	MOVF       R0, 0
0x0169	0x00F4      	MOVWF      R4
0x016A	0x0871      	MOVF       R1, 0
0x016B	0x00F5      	MOVWF      R5
0x016C	0x0872      	MOVF       R2, 0
L__PWM2_Set_Duty10:
0x016D	0x1903      	BTFSC      STATUS, 2
0x016E	0x2973      	GOTO       L__PWM2_Set_Duty11
0x016F	0x36F5      	LSRF       R5, 1
0x0170	0x0CF4      	RRF        R4, 1
0x0171	0x3EFF      	ADDLW      255
0x0172	0x296D      	GOTO       L__PWM2_Set_Duty10
L__PWM2_Set_Duty11:
;__Lib_PWM_c53a2c1.c,45 :: 		
0x0173	0x3004      	MOVLW      4
0x0174	0x00F1      	MOVWF      R1
0x0175	0x0874      	MOVF       R4, 0
0x0176	0x00F0      	MOVWF      R0
0x0177	0x0871      	MOVF       R1, 0
L__PWM2_Set_Duty12:
0x0178	0x1903      	BTFSC      STATUS, 2
0x0179	0x297D      	GOTO       L__PWM2_Set_Duty13
0x017A	0x35F0      	LSLF       R0, 1
0x017B	0x3EFF      	ADDLW      255
0x017C	0x2978      	GOTO       L__PWM2_Set_Duty12
L__PWM2_Set_Duty13:
0x017D	0x3030      	MOVLW      48
0x017E	0x0570      	ANDWF      R0, 0
0x017F	0x00F3      	MOVWF      R3
;__Lib_PWM_c53a2c1.c,46 :: 		
0x0180	0x0874      	MOVF       R4, 0
0x0181	0x00F0      	MOVWF      R0
0x0182	0x0875      	MOVF       R5, 0
0x0183	0x00F1      	MOVWF      R1
0x0184	0x36F1      	LSRF       R1, 1
0x0185	0x0CF0      	RRF        R0, 1
0x0186	0x36F1      	LSRF       R1, 1
0x0187	0x0CF0      	RRF        R0, 1
0x0188	0x0870      	MOVF       R0, 0
0x0189	0x0025      	MOVLB      5
0x018A	0x0098      	MOVWF      CCPR2L
;__Lib_PWM_c53a2c1.c,47 :: 		
0x018B	0x300F      	MOVLW      15
0x018C	0x059A      	ANDWF      CCP2CON, 1
;__Lib_PWM_c53a2c1.c,48 :: 		
0x018D	0x0873      	MOVF       R3, 0
0x018E	0x049A      	IORWF       CCP2CON, 1
;__Lib_PWM_c53a2c1.c,49 :: 		
L_end_PWM2_Set_Duty:
0x018F	0x0008      	RETURN
; end of _PWM2_Set_Duty
_ready_sound:
;WLS.c,224 :: 		void ready_sound()
;WLS.c,226 :: 		sound ( 10, 300);    // 1 KHz
0x0190	0x300A      	MOVLW      10
0x0191	0x0022      	MOVLB      2
0x0192	0x00C6      	MOVWF      FARG_sound_period
0x0193	0x3000      	MOVLW      0
0x0194	0x00C7      	MOVWF      FARG_sound_period+1
0x0195	0x302C      	MOVLW      44
0x0196	0x00C8      	MOVWF      FARG_sound_duration
0x0197	0x3001      	MOVLW      1
0x0198	0x00C9      	MOVWF      FARG_sound_duration+1
0x0199	0x01CA      	CLRF       FARG_sound_duration+2
0x019A	0x01CB      	CLRF       FARG_sound_duration+3
0x019B	0x20A2      	CALL       _sound
;WLS.c,227 :: 		Delay_ms(200);
0x019C	0x3009      	MOVLW      9
0x019D	0x00FB      	MOVWF      R11
0x019E	0x301E      	MOVLW      30
0x019F	0x00FC      	MOVWF      R12
0x01A0	0x30E4      	MOVLW      228
0x01A1	0x00FD      	MOVWF      R13
L_ready_sound18:
0x01A2	0x0BFD      	DECFSZ     R13, 1
0x01A3	0x29A2      	GOTO       L_ready_sound18
0x01A4	0x0BFC      	DECFSZ     R12, 1
0x01A5	0x29A2      	GOTO       L_ready_sound18
0x01A6	0x0BFB      	DECFSZ     R11, 1
0x01A7	0x29A2      	GOTO       L_ready_sound18
0x01A8	0x0000      	NOP
;WLS.c,228 :: 		sound ( 20, 300);    // 500 Hz
0x01A9	0x3014      	MOVLW      20
0x01AA	0x00C6      	MOVWF      FARG_sound_period
0x01AB	0x3000      	MOVLW      0
0x01AC	0x00C7      	MOVWF      FARG_sound_period+1
0x01AD	0x302C      	MOVLW      44
0x01AE	0x00C8      	MOVWF      FARG_sound_duration
0x01AF	0x3001      	MOVLW      1
0x01B0	0x00C9      	MOVWF      FARG_sound_duration+1
0x01B1	0x01CA      	CLRF       FARG_sound_duration+2
0x01B2	0x01CB      	CLRF       FARG_sound_duration+3
0x01B3	0x20A2      	CALL       _sound
;WLS.c,229 :: 		Delay_ms(200);
0x01B4	0x3009      	MOVLW      9
0x01B5	0x00FB      	MOVWF      R11
0x01B6	0x301E      	MOVLW      30
0x01B7	0x00FC      	MOVWF      R12
0x01B8	0x30E4      	MOVLW      228
0x01B9	0x00FD      	MOVWF      R13
L_ready_sound19:
0x01BA	0x0BFD      	DECFSZ     R13, 1
0x01BB	0x29BA      	GOTO       L_ready_sound19
0x01BC	0x0BFC      	DECFSZ     R12, 1
0x01BD	0x29BA      	GOTO       L_ready_sound19
0x01BE	0x0BFB      	DECFSZ     R11, 1
0x01BF	0x29BA      	GOTO       L_ready_sound19
0x01C0	0x0000      	NOP
;WLS.c,230 :: 		sound ( 10, 300);    // 1 KHz
0x01C1	0x300A      	MOVLW      10
0x01C2	0x00C6      	MOVWF      FARG_sound_period
0x01C3	0x3000      	MOVLW      0
0x01C4	0x00C7      	MOVWF      FARG_sound_period+1
0x01C5	0x302C      	MOVLW      44
0x01C6	0x00C8      	MOVWF      FARG_sound_duration
0x01C7	0x3001      	MOVLW      1
0x01C8	0x00C9      	MOVWF      FARG_sound_duration+1
0x01C9	0x01CA      	CLRF       FARG_sound_duration+2
0x01CA	0x01CB      	CLRF       FARG_sound_duration+3
0x01CB	0x20A2      	CALL       _sound
;WLS.c,231 :: 		}
L_end_ready_sound:
0x01CC	0x0008      	RETURN
; end of _ready_sound
_Div_8x8_U:
;__Lib_Math.c,188 :: 		
;__Lib_Math.c,195 :: 		
0x01CD	0x0020      	MOVLB      0
;__Lib_Math.c,196 :: 		
0x01CE	0x01F8      	CLRF       R8
;__Lib_Math.c,197 :: 		
0x01CF	0x3008      	MOVLW      8
;__Lib_Math.c,198 :: 		
0x01D0	0x00FC      	MOVWF      R12
;__Lib_Math.c,199 :: 		
0x01D1	0x0D70      	RLF        R0, 0
;__Lib_Math.c,200 :: 		
0x01D2	0x0DF8      	RLF        R8, 1
;__Lib_Math.c,201 :: 		
0x01D3	0x0874      	MOVF       R4, 0
;__Lib_Math.c,202 :: 		
0x01D4	0x02F8      	SUBWF      R8, 1
;__Lib_Math.c,203 :: 		
0x01D5	0x1803      	BTFSC      STATUS, 0
;__Lib_Math.c,204 :: 		
0x01D6	0x29D9      	GOTO       $+3
;__Lib_Math.c,205 :: 		
0x01D7	0x07F8      	ADDWF      R8, 1
;__Lib_Math.c,206 :: 		
0x01D8	0x1003      	BCF        STATUS, 0
;__Lib_Math.c,207 :: 		
0x01D9	0x0DF0      	RLF        R0, 1
;__Lib_Math.c,208 :: 		
0x01DA	0x0BFC      	DECFSZ     R12, 1
;__Lib_Math.c,209 :: 		
0x01DB	0x29D1      	GOTO       $-10
;__Lib_Math.c,211 :: 		
L_end_Div_8x8_U:
0x01DC	0x0008      	RETURN
; end of _Div_8x8_U
_calibrate_offset:
;WLS.c,252 :: 		void calibrate_offset()
;WLS.c,255 :: 		char calibration_step = 0;
0x01DD	0x0022      	MOVLB      2
0x01DE	0x01BD      	CLRF       calibrate_offset_calibration_step_L0
;WLS.c,256 :: 		calibration_delay--;
0x01DF	0x3001      	MOVLW      1
0x01E0	0x02A2      	SUBWF      WLS_calibration_delay, 1
0x01E1	0x3000      	MOVLW      0
0x01E2	0x3BA3      	SUBWFB     WLS_calibration_delay+1, 1
;WLS.c,257 :: 		if (!calibration_delay )
0x01E3	0x0822      	MOVF       WLS_calibration_delay, 0
0x01E4	0x0423      	IORWF       WLS_calibration_delay+1, 0
0x01E5	0x1D03      	BTFSS      STATUS, 2
0x01E6	0x2A72      	GOTO       L_calibrate_offset22
;WLS.c,260 :: 		calibration_delay = CALIBRATION_DELAY;
0x01E7	0x30DC      	MOVLW      220
0x01E8	0x00A2      	MOVWF      WLS_calibration_delay
0x01E9	0x3005      	MOVLW      5
0x01EA	0x00A3      	MOVWF      WLS_calibration_delay+1
;WLS.c,263 :: 		Delay_us (2 * TX_PULSE_WIDTH);
0x01EB	0x3003      	MOVLW      3
0x01EC	0x00FC      	MOVWF      R12
0x01ED	0x3012      	MOVLW      18
0x01EE	0x00FD      	MOVWF      R13
L_calibrate_offset23:
0x01EF	0x0BFD      	DECFSZ     R13, 1
0x01F0	0x29EF      	GOTO       L_calibrate_offset23
0x01F1	0x0BFC      	DECFSZ     R12, 1
0x01F2	0x29EF      	GOTO       L_calibrate_offset23
0x01F3	0x0000      	NOP
;WLS.c,264 :: 		DC_offset = ADC_Read(6) ;
0x01F4	0x3006      	MOVLW      6
0x01F5	0x00BE      	MOVWF      FARG_ADC_Read_channel
0x01F6	0x2135      	CALL       _ADC_Read
0x01F7	0x0870      	MOVF       R0, 0
0x01F8	0x0022      	MOVLB      2
0x01F9	0x00AE      	MOVWF      WLS_DC_offset
0x01FA	0x0871      	MOVF       R1, 0
0x01FB	0x00AF      	MOVWF      WLS_DC_offset+1
;WLS.c,267 :: 		if (calibration_steps)
0x01FC	0x082D      	MOVF       WLS_calibration_steps, 0
0x01FD	0x1903      	BTFSC      STATUS, 2
0x01FE	0x2A53      	GOTO       L_calibrate_offset24
;WLS.c,269 :: 		if (absvalue(DC_offset, ADC_TARGET) < ADC_TOLERANCE)
0x01FF	0x082E      	MOVF       WLS_DC_offset, 0
0x0200	0x00BE      	MOVWF      FARG_absvalue_a
0x0201	0x082F      	MOVF       WLS_DC_offset+1, 0
0x0202	0x00BF      	MOVWF      FARG_absvalue_a+1
0x0203	0x01C0      	CLRF       FARG_absvalue_a+2
0x0204	0x01C1      	CLRF       FARG_absvalue_a+3
0x0205	0x303E      	MOVLW      62
0x0206	0x00C2      	MOVWF      FARG_absvalue_b
0x0207	0x3003      	MOVLW      3
0x0208	0x00C3      	MOVWF      FARG_absvalue_b+1
0x0209	0x01C4      	CLRF       FARG_absvalue_b+2
0x020A	0x01C5      	CLRF       FARG_absvalue_b+3
0x020B	0x2102      	CALL       _absvalue
0x020C	0x3000      	MOVLW      0
0x020D	0x0273      	SUBWF      R3, 0
0x020E	0x1D03      	BTFSS      STATUS, 2
0x020F	0x2A1A      	GOTO       L__calibrate_offset92
0x0210	0x3000      	MOVLW      0
0x0211	0x0272      	SUBWF      R2, 0
0x0212	0x1D03      	BTFSS      STATUS, 2
0x0213	0x2A1A      	GOTO       L__calibrate_offset92
0x0214	0x3000      	MOVLW      0
0x0215	0x0271      	SUBWF      R1, 0
0x0216	0x1D03      	BTFSS      STATUS, 2
0x0217	0x2A1A      	GOTO       L__calibrate_offset92
0x0218	0x300A      	MOVLW      10
0x0219	0x0270      	SUBWF      R0, 0
L__calibrate_offset92:
0x021A	0x1803      	BTFSC      STATUS, 0
0x021B	0x2A1E      	GOTO       L_calibrate_offset25
;WLS.c,271 :: 		calibration_steps = 0;
0x021C	0x01AD      	CLRF       WLS_calibration_steps
;WLS.c,272 :: 		}
0x021D	0x2A52      	GOTO       L_calibrate_offset26
L_calibrate_offset25:
;WLS.c,276 :: 		if (DC_offset < ADC_TARGET )
0x021E	0x3003      	MOVLW      3
0x021F	0x022F      	SUBWF      WLS_DC_offset+1, 0
0x0220	0x1D03      	BTFSS      STATUS, 2
0x0221	0x2A24      	GOTO       L__calibrate_offset93
0x0222	0x303E      	MOVLW      62
0x0223	0x022E      	SUBWF      WLS_DC_offset, 0
L__calibrate_offset93:
0x0224	0x1803      	BTFSC      STATUS, 0
0x0225	0x2A2D      	GOTO       L_calibrate_offset27
;WLS.c,278 :: 		if (DAC_value > 0)
0x0226	0x082C      	MOVF       WLS_DAC_value, 0
0x0227	0x3C00      	SUBLW      0
0x0228	0x1803      	BTFSC      STATUS, 0
0x0229	0x2A2C      	GOTO       L_calibrate_offset28
;WLS.c,280 :: 		calibration_step = -1;
0x022A	0x30FF      	MOVLW      255
0x022B	0x00BD      	MOVWF      calibrate_offset_calibration_step_L0
;WLS.c,281 :: 		}
L_calibrate_offset28:
;WLS.c,282 :: 		}
0x022C	0x2A33      	GOTO       L_calibrate_offset29
L_calibrate_offset27:
;WLS.c,285 :: 		if (DAC_value < 31)
0x022D	0x301F      	MOVLW      31
0x022E	0x022C      	SUBWF      WLS_DAC_value, 0
0x022F	0x1803      	BTFSC      STATUS, 0
0x0230	0x2A33      	GOTO       L_calibrate_offset30
;WLS.c,287 :: 		calibration_step = 1;
0x0231	0x3001      	MOVLW      1
0x0232	0x00BD      	MOVWF      calibrate_offset_calibration_step_L0
;WLS.c,288 :: 		}
L_calibrate_offset30:
;WLS.c,289 :: 		}
L_calibrate_offset29:
;WLS.c,292 :: 		if (calibration_steps && (old_calibration_step != 0) && (old_calibration_step != calibration_step))
0x0233	0x082D      	MOVF       WLS_calibration_steps, 0
0x0234	0x1903      	BTFSC      STATUS, 2
0x0235	0x2A42      	GOTO       L_calibrate_offset33
0x0236	0x0020      	MOVLB      0
0x0237	0x0820      	MOVF       calibrate_offset_old_calibration_step_L0, 0
0x0238	0x3A00      	XORLW      0
0x0239	0x1903      	BTFSC      STATUS, 2
0x023A	0x2A42      	GOTO       L_calibrate_offset33
0x023B	0x0820      	MOVF       calibrate_offset_old_calibration_step_L0, 0
0x023C	0x0022      	MOVLB      2
0x023D	0x063D      	XORWF      calibrate_offset_calibration_step_L0, 0
0x023E	0x1903      	BTFSC      STATUS, 2
0x023F	0x2A42      	GOTO       L_calibrate_offset33
L__calibrate_offset79:
;WLS.c,295 :: 		calibration_steps = 0;
0x0240	0x01AD      	CLRF       WLS_calibration_steps
;WLS.c,297 :: 		calibration_step = 0;
0x0241	0x01BD      	CLRF       calibrate_offset_calibration_step_L0
;WLS.c,298 :: 		}
L_calibrate_offset33:
0x0242	0x0022      	MOVLB      2
;WLS.c,301 :: 		DAC_value += calibration_step;
0x0243	0x083D      	MOVF       calibrate_offset_calibration_step_L0, 0
0x0244	0x072C      	ADDWF      WLS_DAC_value, 0
0x0245	0x00F0      	MOVWF      R0
0x0246	0x0870      	MOVF       R0, 0
0x0247	0x00AC      	MOVWF      WLS_DAC_value
;WLS.c,302 :: 		DACCON1 = DAC_value;
0x0248	0x0870      	MOVF       R0, 0
0x0249	0x0099      	MOVWF      DACCON1
;WLS.c,305 :: 		old_calibration_step = calibration_step;
0x024A	0x083D      	MOVF       calibrate_offset_calibration_step_L0, 0
0x024B	0x0020      	MOVLB      0
0x024C	0x00A0      	MOVWF      calibrate_offset_old_calibration_step_L0
;WLS.c,307 :: 		if (calibration_steps)
0x024D	0x0022      	MOVLB      2
0x024E	0x082D      	MOVF       WLS_calibration_steps, 0
0x024F	0x1903      	BTFSC      STATUS, 2
0x0250	0x2A52      	GOTO       L_calibrate_offset34
;WLS.c,309 :: 		calibration_steps--;
0x0251	0x03AD      	DECF       WLS_calibration_steps, 1
;WLS.c,310 :: 		}
L_calibrate_offset34:
;WLS.c,311 :: 		}
L_calibrate_offset26:
;WLS.c,312 :: 		}
0x0252	0x2A72      	GOTO       L_calibrate_offset35
L_calibrate_offset24:
;WLS.c,319 :: 		EEPROM_Write(0x00,DAC_value);
0x0253	0x01BE      	CLRF       FARG_EEPROM_Write_Address
0x0254	0x082C      	MOVF       WLS_DAC_value, 0
0x0255	0x00BF      	MOVWF      FARG_EEPROM_Write_data_
0x0256	0x213C      	CALL       _EEPROM_Write
;WLS.c,324 :: 		DC_offset >>= 2;           // 8 bit : 0-255 : 0-5V
0x0257	0x0022      	MOVLB      2
0x0258	0x082E      	MOVF       WLS_DC_offset, 0
0x0259	0x00F0      	MOVWF      R0
0x025A	0x082F      	MOVF       WLS_DC_offset+1, 0
0x025B	0x00F1      	MOVWF      R1
0x025C	0x36F1      	LSRF       R1, 1
0x025D	0x0CF0      	RRF        R0, 1
0x025E	0x36F1      	LSRF       R1, 1
0x025F	0x0CF0      	RRF        R0, 1
0x0260	0x0870      	MOVF       R0, 0
0x0261	0x00AE      	MOVWF      WLS_DC_offset
0x0262	0x0871      	MOVF       R1, 0
0x0263	0x00AF      	MOVWF      WLS_DC_offset+1
;WLS.c,325 :: 		DC_offset = DC_offset - DC_OFFSET_MARGIN; // 1 V lower
0x0264	0x3032      	MOVLW      50
0x0265	0x02F0      	SUBWF      R0, 1
0x0266	0x3000      	MOVLW      0
0x0267	0x3BF1      	SUBWFB     R1, 1
0x0268	0x0870      	MOVF       R0, 0
0x0269	0x00AE      	MOVWF      WLS_DC_offset
0x026A	0x0871      	MOVF       R1, 0
0x026B	0x00AF      	MOVWF      WLS_DC_offset+1
;WLS.c,326 :: 		PWM2_Set_Duty(DC_offset);
0x026C	0x0870      	MOVF       R0, 0
0x026D	0x00BE      	MOVWF      FARG_PWM2_Set_Duty_new_duty
0x026E	0x215A      	CALL       _PWM2_Set_Duty
;WLS.c,329 :: 		calibration_busy = 0;
0x026F	0x0021      	MOVLB      1
0x0270	0x01E8      	CLRF       WLS_calibration_busy
;WLS.c,331 :: 		ready_sound();
0x0271	0x2190      	CALL       _ready_sound
;WLS.c,332 :: 		}
L_calibrate_offset35:
;WLS.c,333 :: 		}
L_calibrate_offset22:
;WLS.c,335 :: 		}
L_end_calibrate_offset:
0x0272	0x0008      	RETURN
; end of _calibrate_offset
_tx_pulse_processing:
;WLS.c,341 :: 		void tx_pulse_processing()
;WLS.c,345 :: 		char i = 0;
0x0273	0x0022      	MOVLB      2
0x0274	0x01B9      	CLRF       tx_pulse_processing_i_L0
;WLS.c,350 :: 		INTCON.GIE = 0;
0x0275	0x138B      	BCF        INTCON, 7
;WLS.c,353 :: 		T1CON.TMR1ON = 0;
0x0276	0x0020      	MOVLB      0
0x0277	0x1018      	BCF        T1CON, 0
;WLS.c,354 :: 		TMR1H = 0;
0x0278	0x0197      	CLRF       TMR1H
;WLS.c,355 :: 		TMR1L = 0;
0x0279	0x0196      	CLRF       TMR1L
;WLS.c,356 :: 		PIR1.TMR1IF = 0;
0x027A	0x1011      	BCF        PIR1, 0
;WLS.c,359 :: 		PI_TX = 0;
0x027B	0x0022      	MOVLB      2
0x027C	0x128E      	BCF        LATC, 5
;WLS.c,360 :: 		Delay_us(TX_PULSE_WIDTH);
0x027D	0x3002      	MOVLW      2
0x027E	0x00FC      	MOVWF      R12
0x027F	0x3008      	MOVLW      8
0x0280	0x00FD      	MOVWF      R13
L_tx_pulse_processing36:
0x0281	0x0BFD      	DECFSZ     R13, 1
0x0282	0x2A81      	GOTO       L_tx_pulse_processing36
0x0283	0x0BFC      	DECFSZ     R12, 1
0x0284	0x2A81      	GOTO       L_tx_pulse_processing36
0x0285	0x0000      	NOP
;WLS.c,362 :: 		T1CON.TMR1ON = 1;
0x0286	0x0020      	MOVLB      0
0x0287	0x1418      	BSF        T1CON, 0
;WLS.c,364 :: 		T1CON.TMR1ON = 1;
0x0288	0x1418      	BSF        T1CON, 0
;WLS.c,366 :: 		PI_TX = 1;
0x0289	0x0022      	MOVLB      2
0x028A	0x168E      	BSF        LATC, 5
;WLS.c,369 :: 		INTCON.GIE = 1;
0x028B	0x178B      	BSF        INTCON, 7
;WLS.c,372 :: 		if (!calibration_busy )
0x028C	0x0021      	MOVLB      1
0x028D	0x0868      	MOVF       WLS_calibration_busy, 0
0x028E	0x1D03      	BTFSS      STATUS, 2
0x028F	0x2AD2      	GOTO       L_tx_pulse_processing37
;WLS.c,374 :: 		coil_timeout = COIL_TIMEOUT;
0x0290	0x3002      	MOVLW      2
0x0291	0x00E6      	MOVWF      WLS_coil_timeout
0x0292	0x3000      	MOVLW      0
0x0293	0x00E7      	MOVWF      WLS_coil_timeout+1
;WLS.c,375 :: 		while(!CM2CON0.C2OUT && coil_timeout);
L_tx_pulse_processing38:
0x0294	0x0022      	MOVLB      2
0x0295	0x1B13      	BTFSC      CM2CON0, 6
0x0296	0x2A9D      	GOTO       L_tx_pulse_processing39
0x0297	0x0021      	MOVLB      1
0x0298	0x0866      	MOVF       WLS_coil_timeout, 0
0x0299	0x0467      	IORWF       WLS_coil_timeout+1, 0
0x029A	0x1903      	BTFSC      STATUS, 2
0x029B	0x2A9D      	GOTO       L_tx_pulse_processing39
L__tx_pulse_processing81:
0x029C	0x2A94      	GOTO       L_tx_pulse_processing38
L_tx_pulse_processing39:
0x029D	0x0021      	MOVLB      1
;WLS.c,376 :: 		if (!coil_timeout)
0x029E	0x0866      	MOVF       WLS_coil_timeout, 0
0x029F	0x0467      	IORWF       WLS_coil_timeout+1, 0
0x02A0	0x1D03      	BTFSS      STATUS, 2
0x02A1	0x2AB0      	GOTO       L_tx_pulse_processing42
;WLS.c,378 :: 		alternate_beepdivider_time = 5;
0x02A2	0x3005      	MOVLW      5
0x02A3	0x00E4      	MOVWF      WLS_alternate_beepdivider_time
0x02A4	0x3000      	MOVLW      0
0x02A5	0x00E5      	MOVWF      WLS_alternate_beepdivider_time+1
;WLS.c,379 :: 		alternate_beepdivider = 8;
0x02A6	0x3008      	MOVLW      8
0x02A7	0x00E9      	MOVWF      WLS_alternate_beepdivider
0x02A8	0x3000      	MOVLW      0
0x02A9	0x00EA      	MOVWF      WLS_alternate_beepdivider+1
;WLS.c,380 :: 		beepdivider = 8;
0x02AA	0x3008      	MOVLW      8
0x02AB	0x0022      	MOVLB      2
0x02AC	0x00A0      	MOVWF      WLS_beepdivider
0x02AD	0x3000      	MOVLW      0
0x02AE	0x00A1      	MOVWF      WLS_beepdivider+1
;WLS.c,381 :: 		return;
0x02AF	0x2BFE      	GOTO       L_end_tx_pulse_processing
;WLS.c,382 :: 		}
L_tx_pulse_processing42:
;WLS.c,385 :: 		coil_timeout = COIL_TIMEOUT;
0x02B0	0x3002      	MOVLW      2
0x02B1	0x0021      	MOVLB      1
0x02B2	0x00E6      	MOVWF      WLS_coil_timeout
0x02B3	0x3000      	MOVLW      0
0x02B4	0x00E7      	MOVWF      WLS_coil_timeout+1
;WLS.c,386 :: 		while (CM2CON0.C2OUT && coil_timeout);
L_tx_pulse_processing43:
0x02B5	0x0022      	MOVLB      2
0x02B6	0x1F13      	BTFSS      CM2CON0, 6
0x02B7	0x2ABE      	GOTO       L_tx_pulse_processing44
0x02B8	0x0021      	MOVLB      1
0x02B9	0x0866      	MOVF       WLS_coil_timeout, 0
0x02BA	0x0467      	IORWF       WLS_coil_timeout+1, 0
0x02BB	0x1903      	BTFSC      STATUS, 2
0x02BC	0x2ABE      	GOTO       L_tx_pulse_processing44
L__tx_pulse_processing80:
0x02BD	0x2AB5      	GOTO       L_tx_pulse_processing43
L_tx_pulse_processing44:
0x02BE	0x0021      	MOVLB      1
;WLS.c,387 :: 		if (!coil_timeout)
0x02BF	0x0866      	MOVF       WLS_coil_timeout, 0
0x02C0	0x0467      	IORWF       WLS_coil_timeout+1, 0
0x02C1	0x1D03      	BTFSS      STATUS, 2
0x02C2	0x2AD1      	GOTO       L_tx_pulse_processing47
;WLS.c,389 :: 		alternate_beepdivider_time = 5;
0x02C3	0x3005      	MOVLW      5
0x02C4	0x00E4      	MOVWF      WLS_alternate_beepdivider_time
0x02C5	0x3000      	MOVLW      0
0x02C6	0x00E5      	MOVWF      WLS_alternate_beepdivider_time+1
;WLS.c,390 :: 		alternate_beepdivider = 8;
0x02C7	0x3008      	MOVLW      8
0x02C8	0x00E9      	MOVWF      WLS_alternate_beepdivider
0x02C9	0x3000      	MOVLW      0
0x02CA	0x00EA      	MOVWF      WLS_alternate_beepdivider+1
;WLS.c,391 :: 		beepdivider = 8;
0x02CB	0x3008      	MOVLW      8
0x02CC	0x0022      	MOVLB      2
0x02CD	0x00A0      	MOVWF      WLS_beepdivider
0x02CE	0x3000      	MOVLW      0
0x02CF	0x00A1      	MOVWF      WLS_beepdivider+1
;WLS.c,392 :: 		return;
0x02D0	0x2BFE      	GOTO       L_end_tx_pulse_processing
;WLS.c,393 :: 		}
L_tx_pulse_processing47:
;WLS.c,394 :: 		} // if !calibration_busy
0x02D1	0x2AD4      	GOTO       L_tx_pulse_processing48
L_tx_pulse_processing37:
;WLS.c,397 :: 		calibrate_offset();
0x02D2	0x21DD      	CALL       _calibrate_offset
;WLS.c,398 :: 		return;
0x02D3	0x2BFE      	GOTO       L_end_tx_pulse_processing
;WLS.c,399 :: 		}
L_tx_pulse_processing48:
;WLS.c,405 :: 		pulsevalue += ((TMR1H<<8) | TMR1L);
0x02D4	0x0020      	MOVLB      0
0x02D5	0x0817      	MOVF       TMR1H, 0
0x02D6	0x00F1      	MOVWF      R1
0x02D7	0x01F0      	CLRF       R0
0x02D8	0x0816      	MOVF       TMR1L, 0
0x02D9	0x04F0      	IORWF       R0, 1
0x02DA	0x3000      	MOVLW      0
0x02DB	0x04F1      	IORWF       R1, 1
0x02DC	0x0870      	MOVF       R0, 0
0x02DD	0x07A1      	ADDWF      tx_pulse_processing_pulsevalue_L0, 1
0x02DE	0x0871      	MOVF       R1, 0
0x02DF	0x3DA2      	ADDWFC     tx_pulse_processing_pulsevalue_L0+1, 1
0x02E0	0x3000      	MOVLW      0
0x02E1	0x3DA3      	ADDWFC     tx_pulse_processing_pulsevalue_L0+2, 1
0x02E2	0x3DA4      	ADDWFC     tx_pulse_processing_pulsevalue_L0+3, 1
;WLS.c,407 :: 		TMR1H = 0;
0x02E3	0x0197      	CLRF       TMR1H
;WLS.c,408 :: 		TMR1L = 0;
0x02E4	0x0196      	CLRF       TMR1L
;WLS.c,409 :: 		PIR1.TMR1IF = 0;
0x02E5	0x1011      	BCF        PIR1, 0
;WLS.c,410 :: 		T1CON.TMR1ON = 0;
0x02E6	0x1018      	BCF        T1CON, 0
;WLS.c,414 :: 		measurecnt--;
0x02E7	0x3001      	MOVLW      1
0x02E8	0x0021      	MOVLB      1
0x02E9	0x02ED      	SUBWF      WLS_measurecnt, 1
0x02EA	0x3000      	MOVLW      0
0x02EB	0x3BEE      	SUBWFB     WLS_measurecnt+1, 1
;WLS.c,415 :: 		if (!measurecnt)
0x02EC	0x086D      	MOVF       WLS_measurecnt, 0
0x02ED	0x046E      	IORWF       WLS_measurecnt+1, 0
0x02EE	0x1D03      	BTFSS      STATUS, 2
0x02EF	0x2BFE      	GOTO       L_tx_pulse_processing49
;WLS.c,418 :: 		if (!startup_delay)
0x02F0	0x086B      	MOVF       WLS_startup_delay, 0
0x02F1	0x046C      	IORWF       WLS_startup_delay+1, 0
0x02F2	0x1D03      	BTFSS      STATUS, 2
0x02F3	0x2BCD      	GOTO       L_tx_pulse_processing50
;WLS.c,421 :: 		pulse_average = 0;
0x02F4	0x01DA      	CLRF       WLS_pulse_average
0x02F5	0x01DB      	CLRF       WLS_pulse_average+1
0x02F6	0x01DC      	CLRF       WLS_pulse_average+2
0x02F7	0x01DD      	CLRF       WLS_pulse_average+3
;WLS.c,422 :: 		for (i = 0; i < pulse_array_size; i++)
0x02F8	0x0022      	MOVLB      2
0x02F9	0x01B9      	CLRF       tx_pulse_processing_i_L0
L_tx_pulse_processing51:
0x02FA	0x0021      	MOVLB      1
0x02FB	0x0859      	MOVF       WLS_pulse_array_size, 0
0x02FC	0x0022      	MOVLB      2
0x02FD	0x0239      	SUBWF      tx_pulse_processing_i_L0, 0
0x02FE	0x1803      	BTFSC      STATUS, 0
0x02FF	0x2B20      	GOTO       L_tx_pulse_processing52
;WLS.c,424 :: 		pulse_average += pulse_average_array[i];
0x0300	0x3009      	MOVLW      WLS_pulse_average_array
0x0301	0x00F3      	MOVWF      R3
0x0302	0x3020      	MOVLW      hi_addr(WLS_pulse_average_array)
0x0303	0x00F4      	MOVWF      R4
0x0304	0x0839      	MOVF       tx_pulse_processing_i_L0, 0
0x0305	0x00F0      	MOVWF      R0
0x0306	0x01F1      	CLRF       R1
0x0307	0x35F0      	LSLF       R0, 1
0x0308	0x0DF1      	RLF        R1, 1
0x0309	0x35F0      	LSLF       R0, 1
0x030A	0x0DF1      	RLF        R1, 1
0x030B	0x0870      	MOVF       R0, 0
0x030C	0x0773      	ADDWF      R3, 0
0x030D	0x0084      	MOVWF      FSR0
0x030E	0x0871      	MOVF       R1, 0
0x030F	0x3D74      	ADDWFC     R4, 0
0x0310	0x0085      	MOVWF      FSR0H
0x0311	0x0800      	MOVF       INDF0, 0
0x0312	0x0021      	MOVLB      1
0x0313	0x07DA      	ADDWF      WLS_pulse_average, 1
0x0314	0x3101      	ADDFSR     0, 1
0x0315	0x0800      	MOVF       INDF0, 0
0x0316	0x3DDB      	ADDWFC     WLS_pulse_average+1, 1
0x0317	0x3101      	ADDFSR     0, 1
0x0318	0x0800      	MOVF       INDF0, 0
0x0319	0x3DDC      	ADDWFC     WLS_pulse_average+2, 1
0x031A	0x3101      	ADDFSR     0, 1
0x031B	0x0800      	MOVF       INDF0, 0
0x031C	0x3DDD      	ADDWFC     WLS_pulse_average+3, 1
;WLS.c,422 :: 		for (i = 0; i < pulse_array_size; i++)
0x031D	0x0022      	MOVLB      2
0x031E	0x0AB9      	INCF       tx_pulse_processing_i_L0, 1
;WLS.c,425 :: 		}
0x031F	0x2AFA      	GOTO       L_tx_pulse_processing51
L_tx_pulse_processing52:
;WLS.c,426 :: 		pulse_average >>= pulse_array_shift;  // divide by
0x0320	0x0021      	MOVLB      1
0x0321	0x085E      	MOVF       WLS_pulse_array_shift, 0
0x0322	0x00F0      	MOVWF      R0
0x0323	0x0870      	MOVF       R0, 0
L__tx_pulse_processing95:
0x0324	0x1903      	BTFSC      STATUS, 2
0x0325	0x2B2C      	GOTO       L__tx_pulse_processing96
0x0326	0x36DD      	LSRF       WLS_pulse_average+3, 1
0x0327	0x0CDC      	RRF        WLS_pulse_average+2, 1
0x0328	0x0CDB      	RRF        WLS_pulse_average+1, 1
0x0329	0x0CDA      	RRF        WLS_pulse_average, 1
0x032A	0x3EFF      	ADDLW      255
0x032B	0x2B24      	GOTO       L__tx_pulse_processing95
L__tx_pulse_processing96:
;WLS.c,431 :: 		if (!PP_BUTTON)
0x032C	0x0020      	MOVLB      0
0x032D	0x198C      	BTFSC      PORTA, 3
0x032E	0x2B3D      	GOTO       L_tx_pulse_processing54
;WLS.c,433 :: 		pulse_average += (accumulate_measure_cnt<<1);
0x032F	0x0021      	MOVLB      1
0x0330	0x0862      	MOVF       WLS_accumulate_measure_cnt, 0
0x0331	0x00F0      	MOVWF      R0
0x0332	0x0863      	MOVF       WLS_accumulate_measure_cnt+1, 0
0x0333	0x00F1      	MOVWF      R1
0x0334	0x35F0      	LSLF       R0, 1
0x0335	0x0DF1      	RLF        R1, 1
0x0336	0x0870      	MOVF       R0, 0
0x0337	0x07DA      	ADDWF      WLS_pulse_average, 1
0x0338	0x0871      	MOVF       R1, 0
0x0339	0x3DDB      	ADDWFC     WLS_pulse_average+1, 1
0x033A	0x3000      	MOVLW      0
0x033B	0x3DDC      	ADDWFC     WLS_pulse_average+2, 1
0x033C	0x3DDD      	ADDWFC     WLS_pulse_average+3, 1
;WLS.c,434 :: 		}
L_tx_pulse_processing54:
;WLS.c,440 :: 		if (pulsevalue > pulse_average)
0x033D	0x0020      	MOVLB      0
0x033E	0x0824      	MOVF       tx_pulse_processing_pulsevalue_L0+3, 0
0x033F	0x0021      	MOVLB      1
0x0340	0x025D      	SUBWF      WLS_pulse_average+3, 0
0x0341	0x1D03      	BTFSS      STATUS, 2
0x0342	0x2B53      	GOTO       L__tx_pulse_processing97
0x0343	0x0020      	MOVLB      0
0x0344	0x0823      	MOVF       tx_pulse_processing_pulsevalue_L0+2, 0
0x0345	0x0021      	MOVLB      1
0x0346	0x025C      	SUBWF      WLS_pulse_average+2, 0
0x0347	0x1D03      	BTFSS      STATUS, 2
0x0348	0x2B53      	GOTO       L__tx_pulse_processing97
0x0349	0x0020      	MOVLB      0
0x034A	0x0822      	MOVF       tx_pulse_processing_pulsevalue_L0+1, 0
0x034B	0x0021      	MOVLB      1
0x034C	0x025B      	SUBWF      WLS_pulse_average+1, 0
0x034D	0x1D03      	BTFSS      STATUS, 2
0x034E	0x2B53      	GOTO       L__tx_pulse_processing97
0x034F	0x0020      	MOVLB      0
0x0350	0x0821      	MOVF       tx_pulse_processing_pulsevalue_L0, 0
0x0351	0x0021      	MOVLB      1
0x0352	0x025A      	SUBWF      WLS_pulse_average, 0
L__tx_pulse_processing97:
0x0353	0x1803      	BTFSC      STATUS, 0
0x0354	0x2B6F      	GOTO       L_tx_pulse_processing55
;WLS.c,442 :: 		pulsediff = pulsevalue - pulse_average;
0x0355	0x0020      	MOVLB      0
0x0356	0x0821      	MOVF       tx_pulse_processing_pulsevalue_L0, 0
0x0357	0x00A5      	MOVWF      tx_pulse_processing_pulsediff_L0
0x0358	0x0822      	MOVF       tx_pulse_processing_pulsevalue_L0+1, 0
0x0359	0x00A6      	MOVWF      tx_pulse_processing_pulsediff_L0+1
0x035A	0x0823      	MOVF       tx_pulse_processing_pulsevalue_L0+2, 0
0x035B	0x00A7      	MOVWF      tx_pulse_processing_pulsediff_L0+2
0x035C	0x0824      	MOVF       tx_pulse_processing_pulsevalue_L0+3, 0
0x035D	0x00A8      	MOVWF      tx_pulse_processing_pulsediff_L0+3
0x035E	0x0021      	MOVLB      1
0x035F	0x085A      	MOVF       WLS_pulse_average, 0
0x0360	0x0020      	MOVLB      0
0x0361	0x02A5      	SUBWF      tx_pulse_processing_pulsediff_L0, 1
0x0362	0x0021      	MOVLB      1
0x0363	0x085B      	MOVF       WLS_pulse_average+1, 0
0x0364	0x0020      	MOVLB      0
0x0365	0x3BA6      	SUBWFB     tx_pulse_processing_pulsediff_L0+1, 1
0x0366	0x0021      	MOVLB      1
0x0367	0x085C      	MOVF       WLS_pulse_average+2, 0
0x0368	0x0020      	MOVLB      0
0x0369	0x3BA7      	SUBWFB     tx_pulse_processing_pulsediff_L0+2, 1
0x036A	0x0021      	MOVLB      1
0x036B	0x085D      	MOVF       WLS_pulse_average+3, 0
0x036C	0x0020      	MOVLB      0
0x036D	0x3BA8      	SUBWFB     tx_pulse_processing_pulsediff_L0+3, 1
;WLS.c,443 :: 		}
0x036E	0x2B74      	GOTO       L_tx_pulse_processing56
L_tx_pulse_processing55:
0x036F	0x0020      	MOVLB      0
;WLS.c,446 :: 		pulsediff  = 0;
0x0370	0x01A5      	CLRF       tx_pulse_processing_pulsediff_L0
0x0371	0x01A6      	CLRF       tx_pulse_processing_pulsediff_L0+1
0x0372	0x01A7      	CLRF       tx_pulse_processing_pulsediff_L0+2
0x0373	0x01A8      	CLRF       tx_pulse_processing_pulsediff_L0+3
;WLS.c,447 :: 		}
L_tx_pulse_processing56:
;WLS.c,451 :: 		if (pulsediff > MAX_PULSEDIFF)
0x0374	0x0828      	MOVF       tx_pulse_processing_pulsediff_L0+3, 0
0x0375	0x3C00      	SUBLW      0
0x0376	0x1D03      	BTFSS      STATUS, 2
0x0377	0x2B82      	GOTO       L__tx_pulse_processing98
0x0378	0x0827      	MOVF       tx_pulse_processing_pulsediff_L0+2, 0
0x0379	0x3C00      	SUBLW      0
0x037A	0x1D03      	BTFSS      STATUS, 2
0x037B	0x2B82      	GOTO       L__tx_pulse_processing98
0x037C	0x0826      	MOVF       tx_pulse_processing_pulsediff_L0+1, 0
0x037D	0x3C00      	SUBLW      0
0x037E	0x1D03      	BTFSS      STATUS, 2
0x037F	0x2B82      	GOTO       L__tx_pulse_processing98
0x0380	0x0825      	MOVF       tx_pulse_processing_pulsediff_L0, 0
0x0381	0x3C40      	SUBLW      64
L__tx_pulse_processing98:
0x0382	0x1803      	BTFSC      STATUS, 0
0x0383	0x2B8C      	GOTO       L_tx_pulse_processing57
;WLS.c,453 :: 		pulsediff = MAX_PULSEDIFF;
0x0384	0x3040      	MOVLW      64
0x0385	0x00A5      	MOVWF      tx_pulse_processing_pulsediff_L0
0x0386	0x01A6      	CLRF       tx_pulse_processing_pulsediff_L0+1
0x0387	0x01A7      	CLRF       tx_pulse_processing_pulsediff_L0+2
0x0388	0x01A8      	CLRF       tx_pulse_processing_pulsediff_L0+3
;WLS.c,454 :: 		DETECTION_PIN = 1;
0x0389	0x0022      	MOVLB      2
0x038A	0x158E      	BSF        LATC, 3
;WLS.c,455 :: 		}
0x038B	0x2B8E      	GOTO       L_tx_pulse_processing58
L_tx_pulse_processing57:
0x038C	0x0022      	MOVLB      2
;WLS.c,458 :: 		DETECTION_PIN = 0;
0x038D	0x118E      	BCF        LATC, 3
;WLS.c,459 :: 		}
L_tx_pulse_processing58:
;WLS.c,464 :: 		if (!alternate_beepdivider_time)
0x038E	0x0021      	MOVLB      1
0x038F	0x0864      	MOVF       WLS_alternate_beepdivider_time, 0
0x0390	0x0465      	IORWF       WLS_alternate_beepdivider_time+1, 0
0x0391	0x1D03      	BTFSS      STATUS, 2
0x0392	0x2BAE      	GOTO       L_tx_pulse_processing59
;WLS.c,466 :: 		beepdivider = (2048 - (pulsediff << 5)) + 1;
0x0393	0x3005      	MOVLW      5
0x0394	0x00F2      	MOVWF      R2
0x0395	0x0020      	MOVLB      0
0x0396	0x0825      	MOVF       tx_pulse_processing_pulsediff_L0, 0
0x0397	0x00F0      	MOVWF      R0
0x0398	0x0826      	MOVF       tx_pulse_processing_pulsediff_L0+1, 0
0x0399	0x00F1      	MOVWF      R1
0x039A	0x0872      	MOVF       R2, 0
L__tx_pulse_processing99:
0x039B	0x1903      	BTFSC      STATUS, 2
0x039C	0x2BA1      	GOTO       L__tx_pulse_processing100
0x039D	0x35F0      	LSLF       R0, 1
0x039E	0x0DF1      	RLF        R1, 1
0x039F	0x3EFF      	ADDLW      255
0x03A0	0x2B9B      	GOTO       L__tx_pulse_processing99
L__tx_pulse_processing100:
0x03A1	0x0870      	MOVF       R0, 0
0x03A2	0x3C00      	SUBLW      0
0x03A3	0x0022      	MOVLB      2
0x03A4	0x00A0      	MOVWF      WLS_beepdivider
0x03A5	0x0871      	MOVF       R1, 0
0x03A6	0x1C03      	BTFSS      STATUS, 0
0x03A7	0x3E01      	ADDLW      1
0x03A8	0x3C08      	SUBLW      8
0x03A9	0x00A1      	MOVWF      WLS_beepdivider+1
0x03AA	0x0AA0      	INCF       WLS_beepdivider, 1
0x03AB	0x1903      	BTFSC      STATUS, 2
0x03AC	0x0AA1      	INCF       WLS_beepdivider+1, 1
;WLS.c,467 :: 		}
0x03AD	0x2BBA      	GOTO       L_tx_pulse_processing60
L_tx_pulse_processing59:
;WLS.c,470 :: 		alternate_beepdivider_time--;
0x03AE	0x3001      	MOVLW      1
0x03AF	0x0021      	MOVLB      1
0x03B0	0x02E4      	SUBWF      WLS_alternate_beepdivider_time, 1
0x03B1	0x3000      	MOVLW      0
0x03B2	0x3BE5      	SUBWFB     WLS_alternate_beepdivider_time+1, 1
;WLS.c,471 :: 		beepdivider = alternate_beepdivider;
0x03B3	0x0869      	MOVF       WLS_alternate_beepdivider, 0
0x03B4	0x0022      	MOVLB      2
0x03B5	0x00A0      	MOVWF      WLS_beepdivider
0x03B6	0x0021      	MOVLB      1
0x03B7	0x086A      	MOVF       WLS_alternate_beepdivider+1, 0
0x03B8	0x0022      	MOVLB      2
0x03B9	0x00A1      	MOVWF      WLS_beepdivider+1
;WLS.c,472 :: 		}
L_tx_pulse_processing60:
;WLS.c,475 :: 		if (beepdivider < beepcnt)
0x03BA	0x0021      	MOVLB      1
0x03BB	0x0861      	MOVF       WLS_beepcnt+1, 0
0x03BC	0x0022      	MOVLB      2
0x03BD	0x0221      	SUBWF      WLS_beepdivider+1, 0
0x03BE	0x1D03      	BTFSS      STATUS, 2
0x03BF	0x2BC4      	GOTO       L__tx_pulse_processing101
0x03C0	0x0021      	MOVLB      1
0x03C1	0x0860      	MOVF       WLS_beepcnt, 0
0x03C2	0x0022      	MOVLB      2
0x03C3	0x0220      	SUBWF      WLS_beepdivider, 0
L__tx_pulse_processing101:
0x03C4	0x1803      	BTFSC      STATUS, 0
0x03C5	0x2BCD      	GOTO       L_tx_pulse_processing61
;WLS.c,477 :: 		beepcnt = beepdivider;
0x03C6	0x0820      	MOVF       WLS_beepdivider, 0
0x03C7	0x0021      	MOVLB      1
0x03C8	0x00E0      	MOVWF      WLS_beepcnt
0x03C9	0x0022      	MOVLB      2
0x03CA	0x0821      	MOVF       WLS_beepdivider+1, 0
0x03CB	0x0021      	MOVLB      1
0x03CC	0x00E1      	MOVWF      WLS_beepcnt+1
;WLS.c,478 :: 		}
L_tx_pulse_processing61:
;WLS.c,479 :: 		} // if (!startup_delay)
L_tx_pulse_processing50:
;WLS.c,482 :: 		if (PP_BUTTON)
0x03CD	0x0020      	MOVLB      0
0x03CE	0x1D8C      	BTFSS      PORTA, 3
0x03CF	0x2BF4      	GOTO       L_tx_pulse_processing62
;WLS.c,484 :: 		pulse_average_array[pulse_average_cnt%pulse_array_size] = pulsevalue;
0x03D0	0x0021      	MOVLB      1
0x03D1	0x0859      	MOVF       WLS_pulse_array_size, 0
0x03D2	0x00F4      	MOVWF      R4
0x03D3	0x085F      	MOVF       WLS_pulse_average_cnt, 0
0x03D4	0x00F0      	MOVWF      R0
0x03D5	0x21CD      	CALL       _Div_8x8_U
0x03D6	0x0878      	MOVF       R8, 0
0x03D7	0x00F0      	MOVWF      R0
0x03D8	0x3009      	MOVLW      WLS_pulse_average_array
0x03D9	0x00F4      	MOVWF      R4
0x03DA	0x3020      	MOVLW      hi_addr(WLS_pulse_average_array)
0x03DB	0x00F5      	MOVWF      R5
0x03DC	0x0870      	MOVF       R0, 0
0x03DD	0x00F1      	MOVWF      R1
0x03DE	0x01F2      	CLRF       R2
0x03DF	0x35F1      	LSLF       R1, 1
0x03E0	0x0DF2      	RLF        R2, 1
0x03E1	0x35F1      	LSLF       R1, 1
0x03E2	0x0DF2      	RLF        R2, 1
0x03E3	0x0871      	MOVF       R1, 0
0x03E4	0x0774      	ADDWF      R4, 0
0x03E5	0x0086      	MOVWF      FSR1
0x03E6	0x0872      	MOVF       R2, 0
0x03E7	0x3D75      	ADDWFC     R5, 0
0x03E8	0x0087      	MOVWF      FSR1H
0x03E9	0x0821      	MOVF       tx_pulse_processing_pulsevalue_L0, 0
0x03EA	0x0081      	MOVWF      INDF1
0x03EB	0x0822      	MOVF       tx_pulse_processing_pulsevalue_L0+1, 0
0x03EC	0x3141      	ADDFSR     1, 1
0x03ED	0x0081      	MOVWF      INDF1
0x03EE	0x0823      	MOVF       tx_pulse_processing_pulsevalue_L0+2, 0
0x03EF	0x3141      	ADDFSR     1, 1
0x03F0	0x0081      	MOVWF      INDF1
0x03F1	0x0824      	MOVF       tx_pulse_processing_pulsevalue_L0+3, 0
0x03F2	0x3141      	ADDFSR     1, 1
0x03F3	0x0081      	MOVWF      INDF1
;WLS.c,485 :: 		}
L_tx_pulse_processing62:
;WLS.c,490 :: 		pulsevalue  = 0;
0x03F4	0x01A1      	CLRF       tx_pulse_processing_pulsevalue_L0
0x03F5	0x01A2      	CLRF       tx_pulse_processing_pulsevalue_L0+1
0x03F6	0x01A3      	CLRF       tx_pulse_processing_pulsevalue_L0+2
0x03F7	0x01A4      	CLRF       tx_pulse_processing_pulsevalue_L0+3
;WLS.c,491 :: 		pulse_average_cnt++;
0x03F8	0x0021      	MOVLB      1
0x03F9	0x0ADF      	INCF       WLS_pulse_average_cnt, 1
;WLS.c,492 :: 		measurecnt = accumulate_measure_cnt;
0x03FA	0x0862      	MOVF       WLS_accumulate_measure_cnt, 0
0x03FB	0x00ED      	MOVWF      WLS_measurecnt
0x03FC	0x0863      	MOVF       WLS_accumulate_measure_cnt+1, 0
0x03FD	0x00EE      	MOVWF      WLS_measurecnt+1
;WLS.c,493 :: 		} // if (!measurecnt
L_tx_pulse_processing49:
;WLS.c,496 :: 		}
L_end_tx_pulse_processing:
0x03FE	0x0008      	RETURN
; end of _tx_pulse_processing
_start_sound:
;WLS.c,211 :: 		void start_sound()
;WLS.c,213 :: 		INTCON.GIE = 0;
0x03FF	0x138B      	BCF        INTCON, 7
;WLS.c,214 :: 		sound ( 50, 1000);    // 200 Hz
0x0400	0x3032      	MOVLW      50
0x0401	0x0022      	MOVLB      2
0x0402	0x00C6      	MOVWF      FARG_sound_period
0x0403	0x3000      	MOVLW      0
0x0404	0x00C7      	MOVWF      FARG_sound_period+1
0x0405	0x30E8      	MOVLW      232
0x0406	0x00C8      	MOVWF      FARG_sound_duration
0x0407	0x3003      	MOVLW      3
0x0408	0x00C9      	MOVWF      FARG_sound_duration+1
0x0409	0x01CA      	CLRF       FARG_sound_duration+2
0x040A	0x01CB      	CLRF       FARG_sound_duration+3
0x040B	0x20A2      	CALL       _sound
;WLS.c,215 :: 		sound ( 20, 1000);    // 500 Hz
0x040C	0x3014      	MOVLW      20
0x040D	0x00C6      	MOVWF      FARG_sound_period
0x040E	0x3000      	MOVLW      0
0x040F	0x00C7      	MOVWF      FARG_sound_period+1
0x0410	0x30E8      	MOVLW      232
0x0411	0x00C8      	MOVWF      FARG_sound_duration
0x0412	0x3003      	MOVLW      3
0x0413	0x00C9      	MOVWF      FARG_sound_duration+1
0x0414	0x01CA      	CLRF       FARG_sound_duration+2
0x0415	0x01CB      	CLRF       FARG_sound_duration+3
0x0416	0x20A2      	CALL       _sound
;WLS.c,216 :: 		sound ( 10, 1000);    // 1 KHz
0x0417	0x300A      	MOVLW      10
0x0418	0x00C6      	MOVWF      FARG_sound_period
0x0419	0x3000      	MOVLW      0
0x041A	0x00C7      	MOVWF      FARG_sound_period+1
0x041B	0x30E8      	MOVLW      232
0x041C	0x00C8      	MOVWF      FARG_sound_duration
0x041D	0x3003      	MOVLW      3
0x041E	0x00C9      	MOVWF      FARG_sound_duration+1
0x041F	0x01CA      	CLRF       FARG_sound_duration+2
0x0420	0x01CB      	CLRF       FARG_sound_duration+3
0x0421	0x20A2      	CALL       _sound
;WLS.c,218 :: 		TMR0 = 0;
0x0422	0x0020      	MOVLB      0
0x0423	0x0195      	CLRF       TMR0
;WLS.c,219 :: 		INTCON.T0IF = 0;
0x0424	0x110B      	BCF        INTCON, 2
;WLS.c,220 :: 		INTCON.GIE = 1;
0x0425	0x178B      	BSF        INTCON, 7
;WLS.c,221 :: 		}
L_end_start_sound:
0x0426	0x0008      	RETURN
; end of _start_sound
_PWM2_Start:
;__Lib_PWM_c53a2c1.c,51 :: 		
;__Lib_PWM_c53a2c1.c,52 :: 		
0x0427	0x0021      	MOVLB      1
0x0428	0x118E      	BCF        TRISC3_bit, 3
;__Lib_PWM_c53a2c1.c,53 :: 		
0x0429	0x0020      	MOVLB      0
0x042A	0x151C      	BSF        T2CON, 2
;__Lib_PWM_c53a2c1.c,54 :: 		
0x042B	0x300C      	MOVLW      12
0x042C	0x0025      	MOVLB      5
0x042D	0x049A      	IORWF       CCP2CON, 1
;__Lib_PWM_c53a2c1.c,55 :: 		
L_end_PWM2_Start:
0x042E	0x0008      	RETURN
; end of _PWM2_Start
_PWM2_Init:
;__Lib_PWM_c53a2c1.c,33 :: 		
;__Lib_PWM_c53a2c1.c,34 :: 		
;__Lib_PWM_c53a2c1.c,35 :: 		
0x042F	0x0025      	MOVLB      5
0x0430	0x0198      	CLRF       CCPR2L
;__Lib_PWM_c53a2c1.c,36 :: 		
0x0431	0x121A      	BCF        CCP2CON, 4
;__Lib_PWM_c53a2c1.c,37 :: 		
0x0432	0x129A      	BCF        CCP2CON, 5
;__Lib_PWM_c53a2c1.c,38 :: 		
L_end_PWM2_Init:
0x0433	0x0008      	RETURN
; end of _PWM2_Init
_EEPROM_Read:
;__Lib_EEPROM.c,1 :: 		
;__Lib_EEPROM.c,2 :: 		
0x0434	0x0022      	MOVLB      2
0x0435	0x0839      	MOVF       FARG_EEPROM_Read_Address, 0
0x0436	0x0023      	MOVLB      3
0x0437	0x0091      	MOVWF      EEADR
0x0438	0x0192      	CLRF       EEADR+1
;__Lib_EEPROM.c,3 :: 		
0x0439	0x1395      	BCF        EEPGD_bit, 7
;__Lib_EEPROM.c,4 :: 		
0x043A	0x1315      	BCF        CFGS_bit, 6
;__Lib_EEPROM.c,5 :: 		
0x043B	0x1415      	BSF        RD_bit, 0
;__Lib_EEPROM.c,6 :: 		
0x043C	0x0813      	MOVF       EEDAT, 0
0x043D	0x00F0      	MOVWF      R0
;__Lib_EEPROM.c,7 :: 		
L_end_EEPROM_Read:
0x043E	0x0008      	RETURN
; end of _EEPROM_Read
___CC2DW:
;__Lib_System.c,71 :: 		
;__Lib_System.c,73 :: 		
_CC2DL_Loop1:
;__Lib_System.c,74 :: 		
0x043F	0x0012      	MOVIW      0, 2
;__Lib_System.c,75 :: 		
0x0440	0x001E      	MOVWI      FSR1++ 
;__Lib_System.c,76 :: 		
0x0441	0x03F0      	DECF       R0, 1
;__Lib_System.c,77 :: 		
0x0442	0x1D03      	BTFSS      STATUS, 2
;__Lib_System.c,78 :: 		
0x0443	0x2C3F      	GOTO       _CC2DL_Loop1
;__Lib_System.c,79 :: 		
0x0444	0x03F1      	DECF       R1, 1
;__Lib_System.c,80 :: 		
0x0445	0x1D03      	BTFSS      STATUS, 2
;__Lib_System.c,81 :: 		
0x0446	0x2C3F      	GOTO       _CC2DL_Loop1
;__Lib_System.c,83 :: 		
L_end___CC2DW:
0x0447	0x0008      	RETURN
; end of ___CC2DW
_main:
0x0448	0x0020      	MOVLB      0
0x0449	0x01A0      	CLRF       calibrate_offset_old_calibration_step_L0
0x044A	0x01A1      	CLRF       tx_pulse_processing_pulsevalue_L0
0x044B	0x01A2      	CLRF       34
0x044C	0x01A3      	CLRF       35
0x044D	0x01A4      	CLRF       36
0x044E	0x01A5      	CLRF       tx_pulse_processing_pulsediff_L0
0x044F	0x01A6      	CLRF       38
0x0450	0x01A7      	CLRF       39
0x0451	0x01A8      	CLRF       40
;WLS.c,502 :: 		void main()
;WLS.c,505 :: 		unsigned int new_sensitivity, old_sensitivity = 1;
0x0452	0x3001      	MOVLW      1
0x0453	0x0022      	MOVLB      2
0x0454	0x00B7      	MOVWF      main_old_sensitivity_L0
0x0455	0x3000      	MOVLW      0
0x0456	0x00B8      	MOVWF      main_old_sensitivity_L0+1
;WLS.c,506 :: 		accumulate_measure_cnt = ACCUMULATE_MEASURE_CNT;
0x0457	0x3005      	MOVLW      5
0x0458	0x0021      	MOVLB      1
0x0459	0x00E2      	MOVWF      WLS_accumulate_measure_cnt
0x045A	0x3000      	MOVLW      0
0x045B	0x00E3      	MOVWF      WLS_accumulate_measure_cnt+1
;WLS.c,507 :: 		measurecnt = accumulate_measure_cnt;
0x045C	0x3005      	MOVLW      5
0x045D	0x00ED      	MOVWF      WLS_measurecnt
0x045E	0x3000      	MOVLW      0
0x045F	0x00EE      	MOVWF      WLS_measurecnt+1
;WLS.c,508 :: 		sensitivity_flag = TRUE;
0x0460	0x3001      	MOVLW      1
0x0461	0x0022      	MOVLB      2
0x0462	0x00B0      	MOVWF      WLS_sensitivity_flag
;WLS.c,509 :: 		pulse_flag = FALSE;
0x0463	0x01B4      	CLRF       WLS_pulse_flag
;WLS.c,510 :: 		beepdivider = 2048;
0x0464	0x3000      	MOVLW      0
0x0465	0x00A0      	MOVWF      WLS_beepdivider
0x0466	0x3008      	MOVLW      8
0x0467	0x00A1      	MOVWF      WLS_beepdivider+1
;WLS.c,511 :: 		beepcnt = 2048;
0x0468	0x3000      	MOVLW      0
0x0469	0x0021      	MOVLB      1
0x046A	0x00E0      	MOVWF      WLS_beepcnt
0x046B	0x3008      	MOVLW      8
0x046C	0x00E1      	MOVWF      WLS_beepcnt+1
;WLS.c,512 :: 		lv_time = LV_TIME_DIVIDER;
0x046D	0x3050      	MOVLW      80
0x046E	0x0022      	MOVLB      2
0x046F	0x00B2      	MOVWF      WLS_lv_time
0x0470	0x30C3      	MOVLW      195
0x0471	0x00B3      	MOVWF      WLS_lv_time+1
;WLS.c,513 :: 		lv_flag = FALSE;
0x0472	0x01B1      	CLRF       WLS_lv_flag
;WLS.c,514 :: 		startup_delay = STARTUP_DELAY;
0x0473	0x3088      	MOVLW      136
0x0474	0x0021      	MOVLB      1
0x0475	0x00EB      	MOVWF      WLS_startup_delay
0x0476	0x3013      	MOVLW      19
0x0477	0x00EC      	MOVWF      WLS_startup_delay+1
;WLS.c,515 :: 		sensitivity_time = SENSITIVITY_TIME_DIVIDER;
0x0478	0x30D0      	MOVLW      208
0x0479	0x0022      	MOVLB      2
0x047A	0x00A6      	MOVWF      WLS_sensitivity_time
0x047B	0x3007      	MOVLW      7
0x047C	0x00A7      	MOVWF      WLS_sensitivity_time+1
;WLS.c,516 :: 		pulse_time = PULSE_TIME_DIVIDER;
0x047D	0x3004      	MOVLW      4
0x047E	0x00A4      	MOVWF      WLS_pulse_time
0x047F	0x3000      	MOVLW      0
0x0480	0x00A5      	MOVWF      WLS_pulse_time+1
;WLS.c,517 :: 		DAC_value = 16;
0x0481	0x3010      	MOVLW      16
0x0482	0x00AC      	MOVWF      WLS_DAC_value
;WLS.c,518 :: 		calibration_delay = CALIBRATION_DELAY;
0x0483	0x30DC      	MOVLW      220
0x0484	0x00A2      	MOVWF      WLS_calibration_delay
0x0485	0x3005      	MOVLW      5
0x0486	0x00A3      	MOVWF      WLS_calibration_delay+1
;WLS.c,519 :: 		calibration_steps = 31;
0x0487	0x301F      	MOVLW      31
0x0488	0x00AD      	MOVWF      WLS_calibration_steps
;WLS.c,520 :: 		calibration_busy = 1;
0x0489	0x3001      	MOVLW      1
0x048A	0x0021      	MOVLB      1
0x048B	0x00E8      	MOVWF      WLS_calibration_busy
;WLS.c,521 :: 		PWM_duty = 0;  // 0...127
0x048C	0x01EF      	CLRF       WLS_PWM_duty
;WLS.c,522 :: 		pulse_average_cnt = 0;
0x048D	0x01DF      	CLRF       WLS_pulse_average_cnt
;WLS.c,523 :: 		pulse_array_size = PULSE_ARRAY_SIZE;
0x048E	0x3020      	MOVLW      32
0x048F	0x00D9      	MOVWF      WLS_pulse_array_size
;WLS.c,524 :: 		pulse_array_shift = 5;
0x0490	0x3005      	MOVLW      5
0x0491	0x00DE      	MOVWF      WLS_pulse_array_shift
;WLS.c,525 :: 		alternate_beepdivider_time = 0;
0x0492	0x01E4      	CLRF       WLS_alternate_beepdivider_time
0x0493	0x01E5      	CLRF       WLS_alternate_beepdivider_time+1
;WLS.c,528 :: 		OSCCON= 0xF0;
0x0494	0x30F0      	MOVLW      240
0x0495	0x0099      	MOVWF      OSCCON
;WLS.c,532 :: 		TRISA.TRISA0 = OUT;  // PIN 13DAC out
0x0496	0x100C      	BCF        TRISA, 0
;WLS.c,533 :: 		PORTA.RA0 = 1;
0x0497	0x0020      	MOVLB      0
0x0498	0x140C      	BSF        PORTA, 0
;WLS.c,534 :: 		WPUA.WPUA0 = 0;     // disable pullup R for DAC out !!
0x0499	0x0024      	MOVLB      4
0x049A	0x100C      	BCF        WPUA, 0
;WLS.c,535 :: 		TRISA.TRISA1 = IN;   // PIN 12 - low battery detection
0x049B	0x0021      	MOVLB      1
0x049C	0x148C      	BSF        TRISA, 1
;WLS.c,536 :: 		PORTA.RA1 = 1;
0x049D	0x0020      	MOVLB      0
0x049E	0x148C      	BSF        PORTA, 1
;WLS.c,537 :: 		TRISA.TRISA2 = OUT;  // PIN 11  - COMP1 out
0x049F	0x0021      	MOVLB      1
0x04A0	0x110C      	BCF        TRISA, 2
;WLS.c,538 :: 		PORTA.RA2 = 1;
0x04A1	0x0020      	MOVLB      0
0x04A2	0x150C      	BSF        PORTA, 2
;WLS.c,539 :: 		TRISA.TRISA3 = OUT;  // PIN 4
0x04A3	0x0021      	MOVLB      1
0x04A4	0x118C      	BCF        TRISA, 3
;WLS.c,540 :: 		PORTA.RA3 = 1;
0x04A5	0x0020      	MOVLB      0
0x04A6	0x158C      	BSF        PORTA, 3
;WLS.c,541 :: 		TRISA.TRISA4 = IN;   // PIN 3 sensitivity potmeter in
0x04A7	0x0021      	MOVLB      1
0x04A8	0x160C      	BSF        TRISA, 4
;WLS.c,542 :: 		PORTA.RA4 = 1;
0x04A9	0x0020      	MOVLB      0
0x04AA	0x160C      	BSF        PORTA, 4
;WLS.c,543 :: 		TRISA.TRISA5 = OUT;  // PIN 2 PWM2 out
0x04AB	0x0021      	MOVLB      1
0x04AC	0x128C      	BCF        TRISA, 5
;WLS.c,544 :: 		PORTA.RA5 = 1;
0x04AD	0x0020      	MOVLB      0
0x04AE	0x168C      	BSF        PORTA, 5
;WLS.c,547 :: 		TRISC.TRISC0 = IN;  // PIN 10 comparator2 + in
0x04AF	0x0021      	MOVLB      1
0x04B0	0x140E      	BSF        TRISC, 0
;WLS.c,548 :: 		PORTC.RC0 = 1;
0x04B1	0x0020      	MOVLB      0
0x04B2	0x140E      	BSF        PORTC, 0
;WLS.c,549 :: 		TRISC.TRISC1 = IN;  // PIN 9 = comparator in
0x04B3	0x0021      	MOVLB      1
0x04B4	0x148E      	BSF        TRISC, 1
;WLS.c,550 :: 		PORTC.RC1 = 1;
0x04B5	0x0020      	MOVLB      0
0x04B6	0x148E      	BSF        PORTC, 1
;WLS.c,551 :: 		TRISC.TRISC2 = IN;  // PIN 8 = ADC6 in
0x04B7	0x0021      	MOVLB      1
0x04B8	0x150E      	BSF        TRISC, 2
;WLS.c,552 :: 		PORTC.RC2 = 1;
0x04B9	0x0020      	MOVLB      0
0x04BA	0x150E      	BSF        PORTC, 2
;WLS.c,553 :: 		TRISC.TRISC3 = OUT;  // PIN 7 = RS232 out
0x04BB	0x0021      	MOVLB      1
0x04BC	0x118E      	BCF        TRISC, 3
;WLS.c,554 :: 		PORTC.RC3 = 1;
0x04BD	0x0020      	MOVLB      0
0x04BE	0x158E      	BSF        PORTC, 3
;WLS.c,555 :: 		TRISC.TRISC4 = OUT; // PIN 6 comparator 2 out
0x04BF	0x0021      	MOVLB      1
0x04C0	0x120E      	BCF        TRISC, 4
;WLS.c,556 :: 		PORTC.RC4 = 1;
0x04C1	0x0020      	MOVLB      0
0x04C2	0x160E      	BSF        PORTC, 4
;WLS.c,557 :: 		TRISC.TRISC5 = OUT; // PIN 5 pulse out
0x04C3	0x0021      	MOVLB      1
0x04C4	0x128E      	BCF        TRISC, 5
;WLS.c,558 :: 		PORTC.RC5 = 1;
0x04C5	0x0020      	MOVLB      0
0x04C6	0x168E      	BSF        PORTC, 5
;WLS.c,561 :: 		ANSELA.ANSA0 = 1;     // DAC out
0x04C7	0x0023      	MOVLB      3
0x04C8	0x140C      	BSF        ANSELA, 0
;WLS.c,562 :: 		ANSELA.ANSA1 = 1;     // low battery detection
0x04C9	0x148C      	BSF        ANSELA, 1
;WLS.c,563 :: 		ANSELA.ANSA4 = 1;     // sensititity potmeter in
0x04CA	0x160C      	BSF        ANSELA, 4
;WLS.c,564 :: 		ANSELC.ANSC0 = 1;     // comparator 2 + in
0x04CB	0x140E      	BSF        ANSELC, 0
;WLS.c,565 :: 		ANSELC.ANSC1 = 1;     // pulse in
0x04CC	0x148E      	BSF        ANSELC, 1
;WLS.c,566 :: 		ANSELC.ANSC2 = 1;     // pulse in
0x04CD	0x150E      	BSF        ANSELC, 2
;WLS.c,569 :: 		T1GCON.TMR1GE = 1;
0x04CE	0x0020      	MOVLB      0
0x04CF	0x1799      	BSF        T1GCON, 7
;WLS.c,570 :: 		T1GCON.T1GPOL = 1; // timer 1 gate active high
0x04D0	0x1719      	BSF        T1GCON, 6
;WLS.c,571 :: 		T1GCON.T1GTM = 0;
0x04D1	0x1299      	BCF        T1GCON, 5
;WLS.c,572 :: 		T1GCON.T1GSPM = 0;
0x04D2	0x1219      	BCF        T1GCON, 4
;WLS.c,573 :: 		T1GCON.T1GSS1 = 1;  // comparator 2
0x04D3	0x1499      	BSF        T1GCON, 1
;WLS.c,574 :: 		T1GCON.T1GSS0 = 1;  // comparator 2
0x04D4	0x1419      	BSF        T1GCON, 0
;WLS.c,575 :: 		T1CON.T1CKPS0 = 0;
0x04D5	0x1218      	BCF        T1CON, 4
;WLS.c,576 :: 		T1CON.T1CKPS1 = 0;                // timer 1 prescaler = 0
0x04D6	0x1298      	BCF        T1CON, 5
;WLS.c,577 :: 		T1CON.TMR1CS0 = 1;                // timer 1 clock = Fosc
0x04D7	0x1718      	BSF        T1CON, 6
;WLS.c,578 :: 		T1CON.TMR1CS1 = 0;                // timer 1 clock = Fosc
0x04D8	0x1398      	BCF        T1CON, 7
;WLS.c,579 :: 		T1CON.T1OSCEN = 0;                // timer 1 internal oscillator
0x04D9	0x1198      	BCF        T1CON, 3
;WLS.c,580 :: 		T1CON.TMR1ON = 1;                // timer 1 active
0x04DA	0x1418      	BSF        T1CON, 0
;WLS.c,581 :: 		TMR1H = 0;          // initial timer values
0x04DB	0x0197      	CLRF       TMR1H
;WLS.c,582 :: 		TMR1L = 0;
0x04DC	0x0196      	CLRF       TMR1L
;WLS.c,583 :: 		PIR1.TMR1IF = 0;
0x04DD	0x1011      	BCF        PIR1, 0
;WLS.c,587 :: 		DACCON0.DACEN = 1;          // DAC enable
0x04DE	0x0022      	MOVLB      2
0x04DF	0x1798      	BSF        DACCON0, 7
;WLS.c,588 :: 		DACCON0.DACLPS = 0;         // Negative reference
0x04E0	0x1318      	BCF        DACCON0, 6
;WLS.c,589 :: 		DACCON0.DACOE = 1;          // DAC output enable
0x04E1	0x1698      	BSF        DACCON0, 5
;WLS.c,590 :: 		DACCON0.DACPSS0 = 0;        // VDD
0x04E2	0x1118      	BCF        DACCON0, 2
;WLS.c,591 :: 		DACCON0.DACPSS1 = 0;        // VDD
0x04E3	0x1198      	BCF        DACCON0, 3
;WLS.c,592 :: 		DACCON0.DACNSS = 0;         // GND
0x04E4	0x1018      	BCF        DACCON0, 0
;WLS.c,595 :: 		DAC_value = EEPROM_Read(0x00);
0x04E5	0x01B9      	CLRF       FARG_EEPROM_Read_Address
0x04E6	0x2434      	CALL       _EEPROM_Read
0x04E7	0x0870      	MOVF       R0, 0
0x04E8	0x0022      	MOVLB      2
0x04E9	0x00AC      	MOVWF      WLS_DAC_value
;WLS.c,596 :: 		if (DAC_value > 32)
0x04EA	0x0870      	MOVF       R0, 0
0x04EB	0x3C20      	SUBLW      32
0x04EC	0x1803      	BTFSC      STATUS, 0
0x04ED	0x2CF0      	GOTO       L_main63
;WLS.c,599 :: 		DAC_value = 16;
0x04EE	0x3010      	MOVLW      16
0x04EF	0x00AC      	MOVWF      WLS_DAC_value
;WLS.c,600 :: 		}
L_main63:
;WLS.c,604 :: 		DACCON1 = DAC_value;
0x04F0	0x082C      	MOVF       WLS_DAC_value, 0
0x04F1	0x0099      	MOVWF      DACCON1
;WLS.c,607 :: 		ADCON0.ADON = 1;            //  ADC on
0x04F2	0x0021      	MOVLB      1
0x04F3	0x141D      	BSF        ADCON0, 0
;WLS.c,608 :: 		ADCON1.ADFM = 1;            // right justified
0x04F4	0x179E      	BSF        ADCON1, 7
;WLS.c,609 :: 		ADCON1.ADCS0 = 0;           // Fosc / 64
0x04F5	0x121E      	BCF        ADCON1, 4
;WLS.c,610 :: 		ADCON1.ADCS1 = 1;           // Fosc / 64
0x04F6	0x169E      	BSF        ADCON1, 5
;WLS.c,611 :: 		ADCON1.ADCS2 = 1;           // Fosc / 64
0x04F7	0x171E      	BSF        ADCON1, 6
;WLS.c,612 :: 		ADCON1.ADNREF = 0;          // Vref- = VSS
0x04F8	0x111E      	BCF        ADCON1, 2
;WLS.c,613 :: 		ADCON1.ADPREF0 = 0;         // Vref+ = VDD
0x04F9	0x101E      	BCF        ADCON1, 0
;WLS.c,614 :: 		ADCON1.ADPREF1 = 0;         // Vref+ = VDD
0x04FA	0x109E      	BCF        ADCON1, 1
;WLS.c,617 :: 		CM2CON0.C2POL = 0;      // comp output polarity is not inverted
0x04FB	0x0022      	MOVLB      2
0x04FC	0x1213      	BCF        CM2CON0, 4
;WLS.c,618 :: 		CM2CON0.C2OE = 1;       // comp output enabled
0x04FD	0x1693      	BSF        CM2CON0, 5
;WLS.c,619 :: 		CM2CON0.C2SP = 1;       // high speed
0x04FE	0x1513      	BSF        CM2CON0, 2
;WLS.c,620 :: 		CM2CON0.C2ON = 1;       // comp is enabled
0x04FF	0x1793      	BSF        CM2CON0, 7
;WLS.c,621 :: 		CM2CON0.C2HYS = 1;      // hysteresis enabled
0x0500	0x1493      	BSF        CM2CON0, 1
;WLS.c,622 :: 		CM2CON0.C2SYNC = 1;     // comp output synchronous with timer 1
0x0501	0x1413      	BSF        CM2CON0, 0
;WLS.c,624 :: 		CM2CON1.C2NCH0 = 1;     // C12IN1-
0x0502	0x1414      	BSF        CM2CON1, 0
;WLS.c,625 :: 		CM2CON1.C2NCH1 = 0;     // C12IN1-
0x0503	0x1094      	BCF        CM2CON1, 1
;WLS.c,626 :: 		CM2CON1.C2PCH0 = 0;     // comparator + input pin
0x0504	0x1214      	BCF        CM2CON1, 4
;WLS.c,627 :: 		CM2CON1.C2PCH1 = 0;     // comparator + input pin
0x0505	0x1294      	BCF        CM2CON1, 5
;WLS.c,630 :: 		OPTION_REG.PS0 = 1;
0x0506	0x0021      	MOVLB      1
0x0507	0x1415      	BSF        OPTION_REG, 0
;WLS.c,631 :: 		OPTION_REG.PS1 = 1;
0x0508	0x1495      	BSF        OPTION_REG, 1
;WLS.c,632 :: 		OPTION_REG.PS2 = 0;      //prescaler / 16
0x0509	0x1115      	BCF        OPTION_REG, 2
;WLS.c,633 :: 		OPTION_REG.PSA = 0;
0x050A	0x1195      	BCF        OPTION_REG, 3
;WLS.c,634 :: 		OPTION_REG.TMR0CS = 0;  // FOSC / 4   --> 8 MHz
0x050B	0x1295      	BCF        OPTION_REG, 5
;WLS.c,635 :: 		INTCON.TMR0IE = 1;          // timer0 interrupt enable
0x050C	0x168B      	BSF        INTCON, 5
;WLS.c,640 :: 		INTCON.GIE = 1;
0x050D	0x178B      	BSF        INTCON, 7
;WLS.c,645 :: 		APFCON1.CCP2SEL = 1;
0x050E	0x0022      	MOVLB      2
0x050F	0x141E      	BSF        APFCON1, 0
;WLS.c,647 :: 		PWM2_Init(250000);          // 250 kHz
0x0510	0x0020      	MOVLB      0
0x0511	0x101C      	BCF        T2CON, 0
0x0512	0x109C      	BCF        T2CON, 1
0x0513	0x301F      	MOVLW      31
0x0514	0x009B      	MOVWF      PR2
0x0515	0x242F      	CALL       _PWM2_Init
;WLS.c,648 :: 		PWM2_Set_Duty(127);
0x0516	0x307F      	MOVLW      127
0x0517	0x0022      	MOVLB      2
0x0518	0x00BE      	MOVWF      FARG_PWM2_Set_Duty_new_duty
0x0519	0x215A      	CALL       _PWM2_Set_Duty
;WLS.c,649 :: 		PWM2_Start();
0x051A	0x2427      	CALL       _PWM2_Start
;WLS.c,652 :: 		start_sound();
0x051B	0x23FF      	CALL       _start_sound
;WLS.c,655 :: 		while(1)
L_main64:
;WLS.c,658 :: 		if (pulse_flag)
0x051C	0x0022      	MOVLB      2
0x051D	0x0834      	MOVF       WLS_pulse_flag, 0
0x051E	0x1903      	BTFSC      STATUS, 2
0x051F	0x2D23      	GOTO       L_main66
;WLS.c,661 :: 		tx_pulse_processing();
0x0520	0x2273      	CALL       _tx_pulse_processing
;WLS.c,662 :: 		pulse_flag = FALSE;
0x0521	0x0022      	MOVLB      2
0x0522	0x01B4      	CLRF       WLS_pulse_flag
;WLS.c,663 :: 		}
L_main66:
;WLS.c,667 :: 		if (lv_flag)
0x0523	0x0831      	MOVF       WLS_lv_flag, 0
0x0524	0x1903      	BTFSC      STATUS, 2
0x0525	0x2D39      	GOTO       L_main67
;WLS.c,669 :: 		lv_flag = FALSE;
0x0526	0x01B1      	CLRF       WLS_lv_flag
;WLS.c,671 :: 		batt_voltage =  ADC_Read(1);
0x0527	0x3001      	MOVLW      1
0x0528	0x00BE      	MOVWF      FARG_ADC_Read_channel
0x0529	0x2135      	CALL       _ADC_Read
;WLS.c,673 :: 		if (batt_voltage < LOW_BATT_LIMIT )
0x052A	0x3002      	MOVLW      2
0x052B	0x0271      	SUBWF      R1, 0
0x052C	0x1D03      	BTFSS      STATUS, 2
0x052D	0x2D30      	GOTO       L__main103
0x052E	0x3000      	MOVLW      0
0x052F	0x0270      	SUBWF      R0, 0
L__main103:
0x0530	0x1803      	BTFSC      STATUS, 0
0x0531	0x2D39      	GOTO       L_main68
;WLS.c,675 :: 		alternate_beepdivider_time = 250;
0x0532	0x30FA      	MOVLW      250
0x0533	0x00E4      	MOVWF      WLS_alternate_beepdivider_time
0x0534	0x01E5      	CLRF       WLS_alternate_beepdivider_time+1
;WLS.c,676 :: 		alternate_beepdivider_time = 4;
0x0535	0x3004      	MOVLW      4
0x0536	0x00E4      	MOVWF      WLS_alternate_beepdivider_time
0x0537	0x3000      	MOVLW      0
0x0538	0x00E5      	MOVWF      WLS_alternate_beepdivider_time+1
;WLS.c,677 :: 		}
L_main68:
;WLS.c,678 :: 		}
L_main67:
;WLS.c,682 :: 		if (sensitivity_flag)
0x0539	0x0022      	MOVLB      2
0x053A	0x0830      	MOVF       WLS_sensitivity_flag, 0
0x053B	0x1903      	BTFSC      STATUS, 2
0x053C	0x2DD6      	GOTO       L_main69
;WLS.c,686 :: 		new_sensitivity = (ADC_Read(3) >> 4);
0x053D	0x3003      	MOVLW      3
0x053E	0x00BE      	MOVWF      FARG_ADC_Read_channel
0x053F	0x2135      	CALL       _ADC_Read
0x0540	0x0870      	MOVF       R0, 0
0x0541	0x00F2      	MOVWF      R2
0x0542	0x0871      	MOVF       R1, 0
0x0543	0x00F3      	MOVWF      R3
0x0544	0x36F3      	LSRF       R3, 1
0x0545	0x0CF2      	RRF        R2, 1
0x0546	0x36F3      	LSRF       R3, 1
0x0547	0x0CF2      	RRF        R2, 1
0x0548	0x36F3      	LSRF       R3, 1
0x0549	0x0CF2      	RRF        R2, 1
0x054A	0x36F3      	LSRF       R3, 1
0x054B	0x0CF2      	RRF        R2, 1
0x054C	0x0872      	MOVF       R2, 0
0x054D	0x0022      	MOVLB      2
0x054E	0x00B5      	MOVWF      main_new_sensitivity_L0
0x054F	0x0873      	MOVF       R3, 0
0x0550	0x00B6      	MOVWF      main_new_sensitivity_L0+1
;WLS.c,687 :: 		if (new_sensitivity < 4)
0x0551	0x3000      	MOVLW      0
0x0552	0x0273      	SUBWF      R3, 0
0x0553	0x1D03      	BTFSS      STATUS, 2
0x0554	0x2D57      	GOTO       L__main104
0x0555	0x3004      	MOVLW      4
0x0556	0x0272      	SUBWF      R2, 0
L__main104:
0x0557	0x1803      	BTFSC      STATUS, 0
0x0558	0x2D5D      	GOTO       L_main70
;WLS.c,689 :: 		new_sensitivity = 4;
0x0559	0x3004      	MOVLW      4
0x055A	0x00B5      	MOVWF      main_new_sensitivity_L0
0x055B	0x3000      	MOVLW      0
0x055C	0x00B6      	MOVWF      main_new_sensitivity_L0+1
;WLS.c,690 :: 		}
L_main70:
;WLS.c,691 :: 		if ( new_sensitivity > 63)
0x055D	0x0836      	MOVF       main_new_sensitivity_L0+1, 0
0x055E	0x3C00      	SUBLW      0
0x055F	0x1D03      	BTFSS      STATUS, 2
0x0560	0x2D63      	GOTO       L__main105
0x0561	0x0835      	MOVF       main_new_sensitivity_L0, 0
0x0562	0x3C3F      	SUBLW      63
L__main105:
0x0563	0x1803      	BTFSC      STATUS, 0
0x0564	0x2D69      	GOTO       L_main71
;WLS.c,693 :: 		new_sensitivity = 63;
0x0565	0x303F      	MOVLW      63
0x0566	0x00B5      	MOVWF      main_new_sensitivity_L0
0x0567	0x3000      	MOVLW      0
0x0568	0x00B6      	MOVWF      main_new_sensitivity_L0+1
;WLS.c,694 :: 		}
L_main71:
;WLS.c,696 :: 		if (absvalue(old_sensitivity, new_sensitivity) > 1)
0x0569	0x0837      	MOVF       main_old_sensitivity_L0, 0
0x056A	0x00BE      	MOVWF      FARG_absvalue_a
0x056B	0x0838      	MOVF       main_old_sensitivity_L0+1, 0
0x056C	0x00BF      	MOVWF      FARG_absvalue_a+1
0x056D	0x01C0      	CLRF       FARG_absvalue_a+2
0x056E	0x01C1      	CLRF       FARG_absvalue_a+3
0x056F	0x0835      	MOVF       main_new_sensitivity_L0, 0
0x0570	0x00C2      	MOVWF      FARG_absvalue_b
0x0571	0x0836      	MOVF       main_new_sensitivity_L0+1, 0
0x0572	0x00C3      	MOVWF      FARG_absvalue_b+1
0x0573	0x01C4      	CLRF       FARG_absvalue_b+2
0x0574	0x01C5      	CLRF       FARG_absvalue_b+3
0x0575	0x2102      	CALL       _absvalue
0x0576	0x0873      	MOVF       R3, 0
0x0577	0x3C00      	SUBLW      0
0x0578	0x1D03      	BTFSS      STATUS, 2
0x0579	0x2D84      	GOTO       L__main106
0x057A	0x0872      	MOVF       R2, 0
0x057B	0x3C00      	SUBLW      0
0x057C	0x1D03      	BTFSS      STATUS, 2
0x057D	0x2D84      	GOTO       L__main106
0x057E	0x0871      	MOVF       R1, 0
0x057F	0x3C00      	SUBLW      0
0x0580	0x1D03      	BTFSS      STATUS, 2
0x0581	0x2D84      	GOTO       L__main106
0x0582	0x0870      	MOVF       R0, 0
0x0583	0x3C01      	SUBLW      1
L__main106:
0x0584	0x1803      	BTFSC      STATUS, 0
0x0585	0x2D8D      	GOTO       L_main72
;WLS.c,698 :: 		accumulate_measure_cnt = new_sensitivity;
0x0586	0x0835      	MOVF       main_new_sensitivity_L0, 0
0x0587	0x0021      	MOVLB      1
0x0588	0x00E2      	MOVWF      WLS_accumulate_measure_cnt
0x0589	0x0022      	MOVLB      2
0x058A	0x0836      	MOVF       main_new_sensitivity_L0+1, 0
0x058B	0x0021      	MOVLB      1
0x058C	0x00E3      	MOVWF      WLS_accumulate_measure_cnt+1
;WLS.c,699 :: 		}
L_main72:
;WLS.c,702 :: 		old_sensitivity = new_sensitivity;
0x058D	0x0022      	MOVLB      2
0x058E	0x0835      	MOVF       main_new_sensitivity_L0, 0
0x058F	0x00B7      	MOVWF      main_old_sensitivity_L0
0x0590	0x0836      	MOVF       main_new_sensitivity_L0+1, 0
0x0591	0x00B8      	MOVWF      main_old_sensitivity_L0+1
;WLS.c,703 :: 		sensitivity_flag = FALSE;
0x0592	0x01B0      	CLRF       WLS_sensitivity_flag
;WLS.c,707 :: 		if (new_sensitivity < 15)
0x0593	0x3000      	MOVLW      0
0x0594	0x0236      	SUBWF      main_new_sensitivity_L0+1, 0
0x0595	0x1D03      	BTFSS      STATUS, 2
0x0596	0x2D99      	GOTO       L__main107
0x0597	0x300F      	MOVLW      15
0x0598	0x0235      	SUBWF      main_new_sensitivity_L0, 0
L__main107:
0x0599	0x1803      	BTFSC      STATUS, 0
0x059A	0x2DA6      	GOTO       L_main73
;WLS.c,709 :: 		pulse_array_size = 32;
0x059B	0x3020      	MOVLW      32
0x059C	0x0021      	MOVLB      1
0x059D	0x00D9      	MOVWF      WLS_pulse_array_size
;WLS.c,710 :: 		pulse_array_shift = 5;
0x059E	0x3005      	MOVLW      5
0x059F	0x00DE      	MOVWF      WLS_pulse_array_shift
;WLS.c,711 :: 		PWM2_Set_Duty(DC_offset - 10);
0x05A0	0x300A      	MOVLW      10
0x05A1	0x0022      	MOVLB      2
0x05A2	0x022E      	SUBWF      WLS_DC_offset, 0
0x05A3	0x00BE      	MOVWF      FARG_PWM2_Set_Duty_new_duty
0x05A4	0x215A      	CALL       _PWM2_Set_Duty
;WLS.c,712 :: 		}
0x05A5	0x2DD6      	GOTO       L_main74
L_main73:
;WLS.c,713 :: 		else if (new_sensitivity < 30)
0x05A6	0x3000      	MOVLW      0
0x05A7	0x0022      	MOVLB      2
0x05A8	0x0236      	SUBWF      main_new_sensitivity_L0+1, 0
0x05A9	0x1D03      	BTFSS      STATUS, 2
0x05AA	0x2DAD      	GOTO       L__main108
0x05AB	0x301E      	MOVLW      30
0x05AC	0x0235      	SUBWF      main_new_sensitivity_L0, 0
L__main108:
0x05AD	0x1803      	BTFSC      STATUS, 0
0x05AE	0x2DBA      	GOTO       L_main75
;WLS.c,715 :: 		pulse_array_size = 16;
0x05AF	0x3010      	MOVLW      16
0x05B0	0x0021      	MOVLB      1
0x05B1	0x00D9      	MOVWF      WLS_pulse_array_size
;WLS.c,716 :: 		pulse_array_shift = 4;
0x05B2	0x3004      	MOVLW      4
0x05B3	0x00DE      	MOVWF      WLS_pulse_array_shift
;WLS.c,717 :: 		PWM2_Set_Duty(DC_offset - 5);
0x05B4	0x3005      	MOVLW      5
0x05B5	0x0022      	MOVLB      2
0x05B6	0x022E      	SUBWF      WLS_DC_offset, 0
0x05B7	0x00BE      	MOVWF      FARG_PWM2_Set_Duty_new_duty
0x05B8	0x215A      	CALL       _PWM2_Set_Duty
;WLS.c,718 :: 		}
0x05B9	0x2DD6      	GOTO       L_main76
L_main75:
;WLS.c,719 :: 		else if (new_sensitivity < 40)
0x05BA	0x3000      	MOVLW      0
0x05BB	0x0022      	MOVLB      2
0x05BC	0x0236      	SUBWF      main_new_sensitivity_L0+1, 0
0x05BD	0x1D03      	BTFSS      STATUS, 2
0x05BE	0x2DC1      	GOTO       L__main109
0x05BF	0x3028      	MOVLW      40
0x05C0	0x0235      	SUBWF      main_new_sensitivity_L0, 0
L__main109:
0x05C1	0x1803      	BTFSC      STATUS, 0
0x05C2	0x2DCD      	GOTO       L_main77
;WLS.c,721 :: 		pulse_array_size = 8;
0x05C3	0x3008      	MOVLW      8
0x05C4	0x0021      	MOVLB      1
0x05C5	0x00D9      	MOVWF      WLS_pulse_array_size
;WLS.c,722 :: 		pulse_array_shift = 3;
0x05C6	0x3003      	MOVLW      3
0x05C7	0x00DE      	MOVWF      WLS_pulse_array_shift
;WLS.c,723 :: 		PWM2_Set_Duty(DC_offset);
0x05C8	0x0022      	MOVLB      2
0x05C9	0x082E      	MOVF       WLS_DC_offset, 0
0x05CA	0x00BE      	MOVWF      FARG_PWM2_Set_Duty_new_duty
0x05CB	0x215A      	CALL       _PWM2_Set_Duty
;WLS.c,724 :: 		}
0x05CC	0x2DD6      	GOTO       L_main78
L_main77:
;WLS.c,727 :: 		pulse_array_size = 4;
0x05CD	0x3004      	MOVLW      4
0x05CE	0x0021      	MOVLB      1
0x05CF	0x00D9      	MOVWF      WLS_pulse_array_size
;WLS.c,728 :: 		pulse_array_shift = 2;
0x05D0	0x3002      	MOVLW      2
0x05D1	0x00DE      	MOVWF      WLS_pulse_array_shift
;WLS.c,729 :: 		PWM2_Set_Duty(DC_offset);
0x05D2	0x0022      	MOVLB      2
0x05D3	0x082E      	MOVF       WLS_DC_offset, 0
0x05D4	0x00BE      	MOVWF      FARG_PWM2_Set_Duty_new_duty
0x05D5	0x215A      	CALL       _PWM2_Set_Duty
;WLS.c,730 :: 		}
L_main78:
L_main76:
L_main74:
;WLS.c,732 :: 		} // if sensitivity flag
L_main69:
;WLS.c,734 :: 		}  // while(1)
0x05D6	0x2D1C      	GOTO       L_main64
;WLS.c,736 :: 		} //~!
L_end_main:
0x05D7	0x2DD7      	GOTO       $+0
; end of _main
Symbol List:
//** Routines locations **
//ADDRESS    SIZE    PROCEDURE
//----------------------------------------------
0x0004     [110]    _interrupt
0x0072       [6]    _Delay_22us
0x0078      [42]    _Mul_16x16_U
0x00A2      [57]    _sound
0x00DB      [24]    _ADC_Get_Sample
0x00F3      [15]    _ADC_Init
0x0102      [51]    _absvalue
0x0135       [7]    _ADC_Read
0x013C      [30]    _EEPROM_Write
0x015A      [54]    _PWM2_Set_Duty
0x0190      [61]    _ready_sound
0x01CD      [16]    _Div_8x8_U
0x01DD     [150]    _calibrate_offset
0x0273     [396]    _tx_pulse_processing
0x03FF      [40]    _start_sound
0x0427       [8]    _PWM2_Start
0x042F       [5]    _PWM2_Init
0x0434      [11]    _EEPROM_Read
0x043F       [9]    ___CC2DW
0x0448     [400]    _main
//** Variables locations ** 
//ADDRESS    SIZE    VARIABLE
//----------------------------------------------
0x0000       [1]    INDF0
0x0001       [1]    INDF1
0x0003       [1]    STATUS
0x0004       [1]    FSR0L
0x0005       [1]    FSR0H
0x0006       [1]    FSR1L
0x0007       [1]    FSR1H
0x000A       [1]    PCLATH
0x000B       [0]    GIE_bit
0x000B       [1]    INTCON
0x000C       [1]    PORTA
0x000E       [1]    PORTC
0x0011       [1]    PIR1
0x0015       [1]    TMR0
0x0016       [1]    TMR1L
0x0017       [1]    TMR1H
0x0018       [1]    T1CON
0x0019       [1]    T1GCON
0x001B       [1]    PR2
0x001C       [1]    T2CON
0x0020       [1]    calibrate_offset_old_calibration_step_L0
0x0021       [4]    tx_pulse_processing_pulsevalue_L0
0x0025       [4]    tx_pulse_processing_pulsediff_L0
0x0029     [128]    WLS_pulse_average_array
0x0070       [1]    R0
0x0071       [1]    R1
0x0072       [1]    R2
0x0073       [1]    R3
0x0074       [1]    R4
0x0075       [1]    R5
0x0076       [1]    R6
0x0077       [1]    R7
0x0078       [1]    R8
0x0079       [1]    R9
0x007A       [1]    R10
0x007B       [1]    R11
0x007C       [1]    R12
0x007D       [1]    R13
0x007E       [1]    R14
0x007F       [1]    R15
0x008C       [1]    TRISA
0x008E       [1]    TRISC
0x008E       [0]    TRISC3_bit
0x0095       [1]    OPTION_REG
0x0099       [1]    OSCCON
0x009B       [1]    ADRESL
0x009C       [1]    ADRESH
0x009D       [1]    ADCON0
0x009D       [0]    GO_NOT_DONE_bit
0x009D       [0]    ADON_bit
0x009E       [1]    ADCON1
0x00D9       [1]    WLS_pulse_array_size
0x00DA       [4]    WLS_pulse_average
0x00DE       [1]    WLS_pulse_array_shift
0x00DF       [1]    WLS_pulse_average_cnt
0x00E0       [2]    WLS_beepcnt
0x00E2       [2]    WLS_accumulate_measure_cnt
0x00E4       [2]    WLS_alternate_beepdivider_time
0x00E6       [2]    WLS_coil_timeout
0x00E8       [1]    WLS_calibration_busy
0x00E9       [2]    WLS_alternate_beepdivider
0x00EB       [2]    WLS_startup_delay
0x00ED       [2]    WLS_measurecnt
0x00EF       [1]    WLS_PWM_duty
0x010C       [1]    LATA
0x010E       [1]    LATC
0x0113       [1]    CM2CON0
0x0114       [1]    CM2CON1
0x0118       [1]    DACCON0
0x0119       [1]    DACCON1
0x011E       [1]    APFCON1
0x0120       [2]    WLS_beepdivider
0x0122       [2]    WLS_calibration_delay
0x0124       [2]    WLS_pulse_time
0x0126       [2]    WLS_sensitivity_time
0x0128       [4]    _ADC_Get_Sample_Ptr
0x012C       [1]    WLS_DAC_value
0x012D       [1]    WLS_calibration_steps
0x012E       [2]    WLS_DC_offset
0x0130       [1]    WLS_sensitivity_flag
0x0131       [1]    WLS_lv_flag
0x0132       [2]    WLS_lv_time
0x0134       [1]    WLS_pulse_flag
0x0135       [2]    main_new_sensitivity_L0
0x0137       [2]    main_old_sensitivity_L0
0x0139       [1]    tx_pulse_processing_i_L0
0x0139       [4]    FARG_PWM2_Init_PWM_Freq
0x0139       [1]    FARG_EEPROM_Read_Address
0x013D       [1]    calibrate_offset_calibration_step_L0
0x013E       [1]    FARG_PWM2_Set_Duty_new_duty
0x013E       [4]    FARG_absvalue_a
0x013E       [1]    FARG_EEPROM_Write_Address
0x013E       [1]    FARG_ADC_Read_channel
0x013F       [1]    FARG_EEPROM_Write_data_
0x0142       [4]    FARG_absvalue_b
0x0146       [2]    FARG_sound_period
0x0146       [1]    FARG_ADC_Get_Sample_channel
0x0148       [4]    FARG_sound_duration
0x018C       [1]    ANSELA
0x018E       [1]    ANSELC
0x0191       [2]    EEADR
0x0193       [2]    EEDAT
0x0193       [1]    EEDATL
0x0195       [0]    CFGS_bit
0x0195       [0]    RD_bit
0x0195       [0]    WR_bit
0x0195       [0]    WREN_bit
0x0195       [0]    EEPGD_bit
0x0196       [1]    EECON2
0x020C       [1]    WPUA
0x0298       [1]    CCPR2L
0x029A       [1]    CCP2CON
//** Label List: ** 
//----------------------------------------------
  L_interrupt0
  L_interrupt1
  L_interrupt2
  L_interrupt3
  L_interrupt4
  L_interrupt5
  L_interrupt6
  L_interrupt7
  L_interrupt8
  L_interrupt9
  L_interrupt10
  L_interrupt11
  L_sound12
  L_sound13
  L_sound14
  L_sound15
  L_sound16
  L_sound17
  L_ready_sound18
  L_ready_sound19
  L_absvalue20
  L_absvalue21
  L_calibrate_offset22
  L_calibrate_offset23
  L_calibrate_offset24
  L_calibrate_offset25
  L_calibrate_offset26
  L_calibrate_offset27
  L_calibrate_offset28
  L_calibrate_offset29
  L_calibrate_offset30
  L_calibrate_offset31
  L_calibrate_offset32
  L_calibrate_offset33
  L_calibrate_offset34
  L_calibrate_offset35
  L_tx_pulse_processing36
  L_tx_pulse_processing37
  L_tx_pulse_processing38
  L_tx_pulse_processing39
  L_tx_pulse_processing40
  L_tx_pulse_processing41
  L_tx_pulse_processing42
  L_tx_pulse_processing43
  L_tx_pulse_processing44
  L_tx_pulse_processing45
  L_tx_pulse_processing46
  L_tx_pulse_processing47
  L_tx_pulse_processing48
  L_tx_pulse_processing49
  L_tx_pulse_processing50
  L_tx_pulse_processing51
  L_tx_pulse_processing52
  L_tx_pulse_processing53
  L_tx_pulse_processing54
  L_tx_pulse_processing55
  L_tx_pulse_processing56
  L_tx_pulse_processing57
  L_tx_pulse_processing58
  L_tx_pulse_processing59
  L_tx_pulse_processing60
  L_tx_pulse_processing61
  L_tx_pulse_processing62
  L_main63
  L_main64
  L_main65
  L_main66
  L_main67
  L_main68
  L_main69
  L_main70
  L_main71
  L_main72
  L_main73
  L_main74
  L_main75
  L_main76
  L_main77
  L_main78
  L__calibrate_offset79
  L__tx_pulse_processing80
  L__tx_pulse_processing81
  L_end_interrupt
  _interrupt
  L__interrupt83
  L_end_sound
  _sound
  L__sound85
  L__sound86
  L_end_start_sound
  _start_sound
  L_end_ready_sound
  _ready_sound
  L_end_absvalue
  _absvalue
  L__absvalue90
  L_end_calibrate_offset
  _calibrate_offset
  L__calibrate_offset92
  L__calibrate_offset93
  L_end_tx_pulse_processing
  _tx_pulse_processing
  L__tx_pulse_processing95
  L__tx_pulse_processing96
  L__tx_pulse_processing97
  L__tx_pulse_processing98
  L__tx_pulse_processing99
  L__tx_pulse_processing100
  L__tx_pulse_processing101
  L_end_main
  _main
  L__main103
  L__main104
  L__main105
  L__main106
  L__main107
  L__main108
  L__main109
  L_ADC_Get_Sample0
  L_ADC_Get_Sample1
  L_end_ADC_Init
  _ADC_Init
  L_end_ADC_Get_Sample
  _ADC_Get_Sample
  L_end_ADC_Read
  _ADC_Read
  L_Delay_1us0
  L_Delay_10us1
  L_Delay_22us2
  L_Delay_50us3
  L_Delay_80us4
  L_Delay_500us5
  L_Delay_5500us6
  L_Delay_1ms7
  L_Delay_5ms8
  L_Delay_8ms9
  L_Delay_10ms10
  L_Delay_100ms11
  L_Delay_1sec12
  L_boot16_Delay_5ms13
  L_Delay_Cyc14
  L_Delay_Cyc15
  L_VDelay_ms16
  L_VDelay_ms17
  L_VDelay_ms18
  L_VDelay_Advanced_ms19
  L_VDelay_Advanced_ms20
  L_VDelay_Advanced_ms21
  L_end_Get_Fosc_kHz
  _Get_Fosc_kHz
  L_end_Delay_1us
  _Delay_1us
  L_end_Delay_10us
  _Delay_10us
  L_end_Delay_22us
  _Delay_22us
  L_end_Delay_50us
  _Delay_50us
  L_end_Delay_80us
  _Delay_80us
  L_end_Delay_500us
  _Delay_500us
  L_end_Delay_5500us
  _Delay_5500us
  L_end_Delay_1ms
  _Delay_1ms
  L_end_Delay_5ms
  _Delay_5ms
  L_end_Delay_8ms
  _Delay_8ms
  L_end_Delay_10ms
  _Delay_10ms
  L_end_Delay_100ms
  _Delay_100ms
  L_end_Delay_1sec
  _Delay_1sec
  L_end_boot16_Delay_5ms
  _boot16_Delay_5ms
  L_end_Delay_Cyc
  _Delay_Cyc
  L_end_VDelay_ms
  _VDelay_ms
  L__VDelay_ms39
  L__VDelay_ms40
  L__VDelay_ms41
  L_end_VDelay_Advanced_ms
  _VDelay_Advanced_ms
  L__VDelay_Advanced_ms43
  L__VDelay_Advanced_ms44
  L__VDelay_Advanced_ms45
  L_EEPROM_Write0
  L_EEPROM_Write1
  L_end_EEPROM_Read
  _EEPROM_Read
  L_end_EEPROM_Write
  _EEPROM_Write
  L__EEPROM_Write4
  L__EEPROM_Write5
  L_Div_16x16_S0
  L_Div_16x16_S1
  LOOPS3232A
  SADD22LA
  SOK22LA
  SADD22L8
  SOK22L8
  LOOPS3232B
  SADD22LB
  SOK22LB
  SADD22L16
  SOK22L16
  LOOPS3232C
  SADD22LC
  SOK22LC
  SADD22L24
  SOK22L24
  LOOPS3232D
  SADD22LD
  SOK22LD
  SOK22L
  L_Div_32x32_S6
  L_Div_32x32_S7
  L_Div_32x32_S8
  L_Div_32x32_S9
  FXD3232S
  END_ALL
  CA3232S
  C3232SX
  C3232SX1
  C3232S
  C3232S2
  C3232SX4
  C3232SOK
  C3232SX3
  C3232SX2
  avoid_comfrem
  LOOPU3232A
  UADD22LA
  UOK22LA
  UADD22L8
  UOK22L8
  LOOPU3232B
  UADD22LB
  UOK22LB
  UADD22L16
  UOK22L16
  LOOPU3232C
  UADD22LC
  UOK22LC
  UADD22L24
  UOK22L24
  LOOPU3232D
  UADD22LD
  UOK22LD
  UOK22L
  _NEXT
  _EXIT2
  _LOOP
  _EXIT1
  _IF_FIRST
  _IF_SECOND
  _INVERCE_FIRST
  _MULT
  _INBERSE_SECOND
  _EXIT
  L_end_Mul_8x8_U
  _Mul_8x8_U
  L_end_Mul_16x16_U
  _Mul_16x16_U
  L_end_Div_8x8_U
  _Div_8x8_U
  L_end_Div_16x16_U
  _Div_16x16_U
  L_end_Mul_8x8_S
  _Mul_8x8_S
  L_end_Mul_16x16_S
  _Mul_16x16_S
  L_end_Div_16x16_S_L
  _Div_16x16_S_L
  L_end_Div_16x16_S
  _Div_16x16_S
  L_end_Div_8x8_S
  _Div_8x8_S
  L_end_SDIV3232L
  _SDIV3232L
  L_end_COMFREM
  _COMFREM
  L_end_Div_32x32_S
  _Div_32x32_S
  L_end_Div_32x32_U
  _Div_32x32_U
  L_end_Mul_32x32_U
  _Mul_32x32_U
  L_end_Mul_32x32_S
  _Mul_32x32_S
  L_end_PWM1_Init
  _PWM1_Init
  L_end_PWM1_Set_Duty
  _PWM1_Set_Duty
  L__PWM1_Set_Duty2
  L__PWM1_Set_Duty3
  L__PWM1_Set_Duty4
  L__PWM1_Set_Duty5
  L_end_PWM1_Start
  _PWM1_Start
  L_end_PWM1_Stop
  _PWM1_Stop
  L_end_PWM2_Init
  _PWM2_Init
  L_end_PWM2_Set_Duty
  _PWM2_Set_Duty
  L__PWM2_Set_Duty10
  L__PWM2_Set_Duty11
  L__PWM2_Set_Duty12
  L__PWM2_Set_Duty13
  L_end_PWM2_Start
  _PWM2_Start
  L_end_PWM2_Stop
  _PWM2_Stop
  L_end_PWM3_Init
  _PWM3_Init
  L_end_PWM3_Set_Duty
  _PWM3_Set_Duty
  L__PWM3_Set_Duty18
  L__PWM3_Set_Duty19
  L__PWM3_Set_Duty20
  L__PWM3_Set_Duty21
  L_end_PWM3_Start
  _PWM3_Start
  L_end_PWM3_Stop
  _PWM3_Stop
  L_end_PWM4_Init
  _PWM4_Init
  L_end_PWM4_Set_Duty
  _PWM4_Set_Duty
  L__PWM4_Set_Duty26
  L__PWM4_Set_Duty27
  L__PWM4_Set_Duty28
  L__PWM4_Set_Duty29
  L_end_PWM4_Start
  _PWM4_Start
  L_end_PWM4_Stop
  _PWM4_Stop
  L_CA2A_Loop
  L_CA2AW_Loop
  L_CS2S_Loop
  L_CS2S_End
  L_FZinS_Loop
  L_FZinS_End
  _CC2D_Loop1
  _CC2DL_Loop1
  L_end_____DoIFC
  _____DoIFC
  L_end___CA2A
  ___CA2A
  L_end___CA2AW
  ___CA2AW
  L_end___CS2S
  ___CS2S
  L_end___FZinS
  ___FZinS
  L_end___CC2D
  ___CC2D
  L_end___CC2DW
  ___CC2DW
  L_end_Swap
  _Swap
  L_interrupt0
  L_interrupt1
  L_interrupt2
  L_interrupt3
  L_interrupt4
  L_interrupt5
  L_interrupt6
  L_interrupt7
  L_interrupt8
  L_interrupt9
  L_interrupt10
  L_interrupt11
  L_sound12
  L_sound13
  L_sound14
  L_sound15
  L_sound16
  L_sound17
  L_ready_sound18
  L_ready_sound19
  L_absvalue20
  L_absvalue21
  L_calibrate_offset22
  L_calibrate_offset23
  L_calibrate_offset24
  L_calibrate_offset25
  L_calibrate_offset26
  L_calibrate_offset27
  L_calibrate_offset28
  L_calibrate_offset29
  L_calibrate_offset30
  L_calibrate_offset31
  L_calibrate_offset32
  L_calibrate_offset33
  L_calibrate_offset34
  L_calibrate_offset35
  L_tx_pulse_processing36
  L_tx_pulse_processing37
  L_tx_pulse_processing38
  L_tx_pulse_processing39
  L_tx_pulse_processing40
  L_tx_pulse_processing41
  L_tx_pulse_processing42
  L_tx_pulse_processing43
  L_tx_pulse_processing44
  L_tx_pulse_processing45
  L_tx_pulse_processing46
  L_tx_pulse_processing47
  L_tx_pulse_processing48
  L_tx_pulse_processing49
  L_tx_pulse_processing50
  L_tx_pulse_processing51
  L_tx_pulse_processing52
  L_tx_pulse_processing53
  L_tx_pulse_processing54
  L_tx_pulse_processing55
  L_tx_pulse_processing56
  L_tx_pulse_processing57
  L_tx_pulse_processing58
  L_tx_pulse_processing59
  L_tx_pulse_processing60
  L_tx_pulse_processing61
  L_tx_pulse_processing62
  L_main63
  L_main64
  L_main65
  L_main66
  L_main67
  L_main68
  L_main69
  L_main70
  L_main71
  L_main72
  L_main73
  L_main74
  L_main75
  L_main76
  L_main77
  L_main78
  L__calibrate_offset79
  L__tx_pulse_processing80
  L__tx_pulse_processing81
  L_end_interrupt
  _interrupt
  L__interrupt83
  L_end_sound
  _sound
  L__sound85
  L__sound86
  L_end_start_sound
  _start_sound
  L_end_ready_sound
  _ready_sound
  L_end_absvalue
  _absvalue
  L__absvalue90
  L_end_calibrate_offset
  _calibrate_offset
  L__calibrate_offset92
  L__calibrate_offset93
  L_end_tx_pulse_processing
  _tx_pulse_processing
  L__tx_pulse_processing95
  L__tx_pulse_processing96
  L__tx_pulse_processing97
  L__tx_pulse_processing98
  L__tx_pulse_processing99
  L__tx_pulse_processing100
  L__tx_pulse_processing101
  L_end_main
  _main
  L__main103
  L__main104
  L__main105
  L__main106
  L__main107
  L__main108
  L__main109
