0	1	mikroCPIC1618.exe -MSF -DBG -pP12F1840 -RA -DL -O11111114 -fo8 -N"C:\Users\berna\Documents\Projects\WaterLevelSensor\WLS2\WLS2.mcppi" -SP"C:\Users\Public\Documents\Mikroelektronika\mikroC PRO for PIC\defs\" -SP"C:\Users\Public\Documents\Mikroelektronika\mikroC PRO for PIC\Uses\P16_Enh\" -SP"C:\Users\berna\Documents\Projects\WaterLevelSensor\WLS2\" "WLS2.c" "__Lib_Math.mcl" "__Lib_MathDouble.mcl" "__Lib_System.mcl" "__Lib_Delays.mcl" "__Lib_CType.mcl" "__Lib_CString.mcl" "__Lib_CStdlib.mcl" "__Lib_CMath.mcl" "__Lib_MemManager.mcl" "__Lib_Conversions.mcl" "__Lib_Sprinti.mcl" "__Lib_Sprintl.mcl" "__Lib_Time.mcl" "__Lib_Trigonometry.mcl" "__Lib_Button.mcl" "__Lib_Manchester.mcl" "__Lib_OneWire.mcl" "__Lib_PS2.mcl" "__Lib_Sound.mcl" "__Lib_SoftI2C.mcl" "__Lib_SoftSPI.mcl" "__Lib_SoftUART.mcl" "__Lib_ADC.mcl" "__Lib_EEPROM.mcl" "__Lib_I2C_a12.mcl" "__Lib_PWM_a2.mcl" "__Lib_SPI_a120.mcl" "__Lib_UART_a01.mcl" "__Lib_PortExpander.mcl" "__Lib_CANSPI.mcl" "__Lib_GlcdFonts.mcl" "__Lib_LcdConsts.mcl" "__Lib_Lcd.mcl" "__Lib_RS485.mcl" "__Lib_SPIGlcd.mcl" "__Lib_SPILcd.mcl" "__Lib_SPILcd8.mcl" "__Lib_SPIT6963C.mcl"	 
hint: 0	1139	Available RAM: 240 [bytes], Available ROM: 4096 [bytes]	 
diagnostics: 0	122	Compilation Started	P12F1840.c
diagnostics: 990	123	Compiled Successfully	P12F1840.c
diagnostics: 0	122	Compilation Started	__Lib_Delays.c
diagnostics: 123	123	Compiled Successfully	__Lib_Delays.c
diagnostics: 0	122	Compilation Started	__Lib_MemManager.c
warning: 34	1508	Implicit conversion of int to ptr	__Lib_MemManager.c
diagnostics: 231	123	Compiled Successfully	__Lib_MemManager.c
diagnostics: 0	122	Compilation Started	__Lib_GlcdFonts.c
diagnostics: 1207	123	Compiled Successfully	__Lib_GlcdFonts.c
diagnostics: 0	126	All files Preprocessed in 62 ms	 
diagnostics: 0	122	Compilation Started	WLS2.c
diagnostics: 167	123	Compiled Successfully	WLS2.c
diagnostics: 0	127	All files Compiled in 78 ms	 
hint: 0	1144	Used RAM (bytes): 20 (8%)  Free RAM (bytes): 220 (92%)	Used RAM (bytes): 20 (8%)  Free RAM (bytes): 220 (92%)
hint: 0	1144	Used ROM (program words): 244 (6%)  Free ROM (program words): 3852 (94%)	Used ROM (program words): 244 (6%)  Free ROM (program words): 3852 (94%)
diagnostics: 0	125	Project Linked Successfully	WLS2.mcppi
diagnostics: 0	128	Linked in 47 ms	 
diagnostics: 0	129	Project 'WLS2.mcppi' completed: 625 ms	 
diagnostics: 0	103	Finished successfully: 22 Nov 2022, 20:07:22	WLS2.mcppi
